[22:2:15.13] Global cache location '/home/gezim/.cache/typescript/3.7', safe file path '/home/gezim/dev/web/webpack-ts/node_modules/typescript/lib/typingSafeList.json', types map path /home/gezim/dev/web/webpack-ts/node_modules/typescript/lib/typesMap.json
[22:2:15.14] Processing cache location '/home/gezim/.cache/typescript/3.7'
[22:2:15.15] Trying to find '/home/gezim/.cache/typescript/3.7/package.json'...
[22:2:15.17] Loaded content of '/home/gezim/.cache/typescript/3.7/package.json': {"private":true,"dependencies":{"types-registry":"^0.1.472"},"devDependencies":{"@types/async":"^3.0.3","@types/atob":"^2.1.2","@types/autoprefixer":"^9.6.1","@types/bootstrap":"^4.3.1","@types/browser-sync":"^2.26.1","@types/browser-sync-webpack-plugin":"^2.2.0","@types/cache-manager":"^2.10.1","@types/clean-css":"^4.2.1","@types/copy-webpack-plugin":"^5.0.0","@types/core-js":"^2.5.2","@types/d3":"^5.7.2","@types/d3-format":"^1.3.1","@types/d3-time-format":"^2.1.1","@types/debug":"^4.1.5","@types/define-properties":"^1.1.1","@types/eslint":"^6.1.3","@types/file-saver":"^2.0.1","@types/friendly-errors-webpack-plugin":"^0.1.2","@types/graceful-fs":"^4.1.3","@types/hammerjs":"^2.0.36","@types/he":"^1.1.0","@types/html-minifier":"^3.5.3","@types/html-webpack-plugin":"^3.2.1","@types/imurmurhash":"^0.1.0","@types/jest":"^24.0.24","@types/jquery":"^3.3.31","@types/jsoneditor":"^5.28.2","@types/jspdf":"^1.3.3","@types/less":"^3.0.1","@types/lodash":"^4.14.149","@types/lodash.difference":"^4.5.6","@types/mini-css-extract-plugin":"^0.9.0","@types/mkdirp":"^0.5.2","@types/node-notifier":"^5.4.0","@types/nodemon":"^1.19.0","@types/object-assign":"^4.0.30","@types/object-hash":"^1.3.0","@types/object-path":"^0.11.0","@types/optimize-css-assets-webpack-plugin":"^5.0.1","@types/pg":"^7.14.0","@types/prettier":"^1.19.0","@types/relateurl":"^0.2.28","@types/rimraf":"^2.0.3","@types/sass":"^1.16.0","@types/serialize-javascript":"^1.5.0","@types/signal-exit":"^3.0.0","@types/sockjs-client":"^1.1.1","@types/sprintf":"^0.1.0","@types/terser-webpack-plugin":"^2.2.0","@types/toposort":"^2.0.3","@types/ua-parser-js":"^0.7.33","@types/util.promisify":"^1.0.1","@types/uuid":"^3.4.6","@types/wait-on":"^3.2.0","@types/web-animations-js":"^2.2.8","@types/webpack":"^4.41.1","@types/webpack-dev-server":"^3.9.0","@types/webpack-merge":"^4.1.5","@types/webpack-notifier":"^1.5.3","@types/workbox-webpack-plugin":"^4.1.0","@types/write-file-atomic":"^3.0.0"}}
[22:2:15.17] Loaded content of '/home/gezim/.cache/typescript/3.7/package-lock.json'
[22:2:15.26] Adding entry into typings cache: 'async' => '/home/gezim/.cache/typescript/3.7/node_modules/@types/async/index.d.ts'
[22:2:15.31] Adding entry into typings cache: 'atob' => '/home/gezim/.cache/typescript/3.7/node_modules/@types/atob/index.d.ts'
[22:2:15.34] Adding entry into typings cache: 'autoprefixer' => '/home/gezim/.cache/typescript/3.7/node_modules/@types/autoprefixer/index.d.ts'
[22:2:15.36] Adding entry into typings cache: 'bootstrap' => '/home/gezim/.cache/typescript/3.7/node_modules/@types/bootstrap/index.d.ts'
[22:2:15.38] Adding entry into typings cache: 'browser-sync' => '/home/gezim/.cache/typescript/3.7/node_modules/@types/browser-sync/index.d.ts'
[22:2:15.40] Adding entry into typings cache: 'browser-sync-webpack-plugin' => '/home/gezim/.cache/typescript/3.7/node_modules/@types/browser-sync-webpack-plugin/index.d.ts'
[22:2:15.41] Adding entry into typings cache: 'cache-manager' => '/home/gezim/.cache/typescript/3.7/node_modules/@types/cache-manager/index.d.ts'
[22:2:15.44] Adding entry into typings cache: 'clean-css' => '/home/gezim/.cache/typescript/3.7/node_modules/@types/clean-css/index.d.ts'
[22:2:15.46] Adding entry into typings cache: 'copy-webpack-plugin' => '/home/gezim/.cache/typescript/3.7/node_modules/@types/copy-webpack-plugin/index.d.ts'
[22:2:15.47] Adding entry into typings cache: 'core-js' => '/home/gezim/.cache/typescript/3.7/node_modules/@types/core-js/index.d.ts'
[22:2:15.50] Adding entry into typings cache: 'd3' => '/home/gezim/.cache/typescript/3.7/node_modules/@types/d3/index.d.ts'
[22:2:15.51] Adding entry into typings cache: 'd3-format' => '/home/gezim/.cache/typescript/3.7/node_modules/@types/d3-format/index.d.ts'
[22:2:15.53] Adding entry into typings cache: 'd3-time-format' => '/home/gezim/.cache/typescript/3.7/node_modules/@types/d3-time-format/index.d.ts'
[22:2:15.57] Adding entry into typings cache: 'debug' => '/home/gezim/.cache/typescript/3.7/node_modules/@types/debug/index.d.ts'
[22:2:15.58] Adding entry into typings cache: 'define-properties' => '/home/gezim/.cache/typescript/3.7/node_modules/@types/define-properties/index.d.ts'
[22:2:15.62] Adding entry into typings cache: 'eslint' => '/home/gezim/.cache/typescript/3.7/node_modules/@types/eslint/ts3.1/index.d.ts'
[22:2:15.63] Adding entry into typings cache: 'file-saver' => '/home/gezim/.cache/typescript/3.7/node_modules/@types/file-saver/index.d.ts'
[22:2:15.64] Adding entry into typings cache: 'friendly-errors-webpack-plugin' => '/home/gezim/.cache/typescript/3.7/node_modules/@types/friendly-errors-webpack-plugin/index.d.ts'
[22:2:15.67] Adding entry into typings cache: 'graceful-fs' => '/home/gezim/.cache/typescript/3.7/node_modules/@types/graceful-fs/index.d.ts'
[22:2:15.68] Adding entry into typings cache: 'hammerjs' => '/home/gezim/.cache/typescript/3.7/node_modules/@types/hammerjs/index.d.ts'
[22:2:15.69] Adding entry into typings cache: 'he' => '/home/gezim/.cache/typescript/3.7/node_modules/@types/he/index.d.ts'
[22:2:15.72] Adding entry into typings cache: 'html-minifier' => '/home/gezim/.cache/typescript/3.7/node_modules/@types/html-minifier/index.d.ts'
[22:2:15.73] Adding entry into typings cache: 'html-webpack-plugin' => '/home/gezim/.cache/typescript/3.7/node_modules/@types/html-webpack-plugin/index.d.ts'
[22:2:15.75] Adding entry into typings cache: 'imurmurhash' => '/home/gezim/.cache/typescript/3.7/node_modules/@types/imurmurhash/index.d.ts'
[22:2:15.77] Adding entry into typings cache: 'jest' => '/home/gezim/.cache/typescript/3.7/node_modules/@types/jest/index.d.ts'
[22:2:15.79] Adding entry into typings cache: 'jquery' => '/home/gezim/.cache/typescript/3.7/node_modules/@types/jquery/index.d.ts'
[22:2:15.81] Adding entry into typings cache: 'jsoneditor' => '/home/gezim/.cache/typescript/3.7/node_modules/@types/jsoneditor/index.d.ts'
[22:2:15.82] Adding entry into typings cache: 'jspdf' => '/home/gezim/.cache/typescript/3.7/node_modules/@types/jspdf/index.d.ts'
[22:2:15.83] Adding entry into typings cache: 'less' => '/home/gezim/.cache/typescript/3.7/node_modules/@types/less/index.d.ts'
[22:2:15.85] Adding entry into typings cache: 'lodash' => '/home/gezim/.cache/typescript/3.7/node_modules/@types/lodash/ts3.1/index.d.ts'
[22:2:15.87] Adding entry into typings cache: 'lodash.difference' => '/home/gezim/.cache/typescript/3.7/node_modules/@types/lodash.difference/index.d.ts'
[22:2:15.88] Adding entry into typings cache: 'mini-css-extract-plugin' => '/home/gezim/.cache/typescript/3.7/node_modules/@types/mini-css-extract-plugin/index.d.ts'
[22:2:15.90] Adding entry into typings cache: 'mkdirp' => '/home/gezim/.cache/typescript/3.7/node_modules/@types/mkdirp/index.d.ts'
[22:2:15.92] Adding entry into typings cache: 'node-notifier' => '/home/gezim/.cache/typescript/3.7/node_modules/@types/node-notifier/index.d.ts'
[22:2:15.93] Adding entry into typings cache: 'nodemon' => '/home/gezim/.cache/typescript/3.7/node_modules/@types/nodemon/index.d.ts'
[22:2:15.95] Adding entry into typings cache: 'object-assign' => '/home/gezim/.cache/typescript/3.7/node_modules/@types/object-assign/index.d.ts'
[22:2:15.97] Adding entry into typings cache: 'object-hash' => '/home/gezim/.cache/typescript/3.7/node_modules/@types/object-hash/index.d.ts'
[22:2:15.98] Adding entry into typings cache: 'object-path' => '/home/gezim/.cache/typescript/3.7/node_modules/@types/object-path/index.d.ts'
[22:2:15.100] Adding entry into typings cache: 'optimize-css-assets-webpack-plugin' => '/home/gezim/.cache/typescript/3.7/node_modules/@types/optimize-css-assets-webpack-plugin/index.d.ts'
[22:2:15.100] Adding entry into typings cache: 'pg' => '/home/gezim/.cache/typescript/3.7/node_modules/@types/pg/index.d.ts'
[22:2:15.101] Adding entry into typings cache: 'prettier' => '/home/gezim/.cache/typescript/3.7/node_modules/@types/prettier/index.d.ts'
[22:2:15.102] Adding entry into typings cache: 'relateurl' => '/home/gezim/.cache/typescript/3.7/node_modules/@types/relateurl/index.d.ts'
[22:2:15.103] Adding entry into typings cache: 'rimraf' => '/home/gezim/.cache/typescript/3.7/node_modules/@types/rimraf/index.d.ts'
[22:2:15.104] Adding entry into typings cache: 'sass' => '/home/gezim/.cache/typescript/3.7/node_modules/@types/sass/index.d.ts'
[22:2:15.105] Adding entry into typings cache: 'serialize-javascript' => '/home/gezim/.cache/typescript/3.7/node_modules/@types/serialize-javascript/index.d.ts'
[22:2:15.106] Adding entry into typings cache: 'signal-exit' => '/home/gezim/.cache/typescript/3.7/node_modules/@types/signal-exit/index.d.ts'
[22:2:15.107] Adding entry into typings cache: 'sockjs-client' => '/home/gezim/.cache/typescript/3.7/node_modules/@types/sockjs-client/index.d.ts'
[22:2:15.107] Adding entry into typings cache: 'sprintf' => '/home/gezim/.cache/typescript/3.7/node_modules/@types/sprintf/index.d.ts'
[22:2:15.109] Adding entry into typings cache: 'terser-webpack-plugin' => '/home/gezim/.cache/typescript/3.7/node_modules/@types/terser-webpack-plugin/index.d.ts'
[22:2:15.110] Adding entry into typings cache: 'toposort' => '/home/gezim/.cache/typescript/3.7/node_modules/@types/toposort/index.d.ts'
[22:2:15.111] Adding entry into typings cache: 'ua-parser-js' => '/home/gezim/.cache/typescript/3.7/node_modules/@types/ua-parser-js/index.d.ts'
[22:2:15.112] Adding entry into typings cache: 'util.promisify' => '/home/gezim/.cache/typescript/3.7/node_modules/@types/util.promisify/index.d.ts'
[22:2:15.113] Adding entry into typings cache: 'uuid' => '/home/gezim/.cache/typescript/3.7/node_modules/@types/uuid/index.d.ts'
[22:2:15.114] Adding entry into typings cache: 'wait-on' => '/home/gezim/.cache/typescript/3.7/node_modules/@types/wait-on/index.d.ts'
[22:2:15.115] Adding entry into typings cache: 'web-animations-js' => '/home/gezim/.cache/typescript/3.7/node_modules/@types/web-animations-js/ts3.2/index.d.ts'
[22:2:15.116] Adding entry into typings cache: 'webpack' => '/home/gezim/.cache/typescript/3.7/node_modules/@types/webpack/index.d.ts'
[22:2:15.117] Adding entry into typings cache: 'webpack-dev-server' => '/home/gezim/.cache/typescript/3.7/node_modules/@types/webpack-dev-server/index.d.ts'
[22:2:15.118] Adding entry into typings cache: 'webpack-merge' => '/home/gezim/.cache/typescript/3.7/node_modules/@types/webpack-merge/index.d.ts'
[22:2:15.119] Adding entry into typings cache: 'webpack-notifier' => '/home/gezim/.cache/typescript/3.7/node_modules/@types/webpack-notifier/index.d.ts'
[22:2:15.119] Adding entry into typings cache: 'workbox-webpack-plugin' => '/home/gezim/.cache/typescript/3.7/node_modules/@types/workbox-webpack-plugin/index.d.ts'
[22:2:15.120] Adding entry into typings cache: 'write-file-atomic' => '/home/gezim/.cache/typescript/3.7/node_modules/@types/write-file-atomic/index.d.ts'
[22:2:15.120] Finished processing cache location '/home/gezim/.cache/typescript/3.7'
[22:2:15.120] Process id: 31082
[22:2:15.120] NPM location: /home/gezim/.nvm/versions/node/v10.17.0/bin/npm (explicit '--npmLocation' not  provided)
[22:2:15.120] validateDefaultNpmLocation: false
[22:2:15.120] Npm config file: /home/gezim/.cache/typescript/3.7/package.json
[22:2:15.121] Updating types-registry npm package...
[22:2:15.121] Exec: /home/gezim/.nvm/versions/node/v10.17.0/bin/npm install --ignore-scripts types-registry@latest
[22:2:18.302]     Succeeded. stdout:
    + types-registry@0.1.472
    updated 1 package and audited 4660 packages in 2.77s
found 0 vulnerabilities


[22:2:18.302] Updated types-registry npm package
[22:2:18.909] Got install request {"projectName":"/dev/null/inferredProject1*","fileNames":["/home/gezim/dev/web/webpack-ts/node_modules/typescript/lib/lib.d.ts","/home/gezim/dev/web/webpack-ts/node_modules/typescript/lib/lib.es5.d.ts","/home/gezim/dev/web/webpack-ts/node_modules/typescript/lib/lib.dom.d.ts","/home/gezim/dev/web/webpack-ts/node_modules/typescript/lib/lib.webworker.importscripts.d.ts","/home/gezim/dev/web/webpack-ts/node_modules/typescript/lib/lib.scripthost.d.ts","/home/gezim/dev/web/webpack-ts/webpack/utils.js","/home/gezim/dev/web/webpack-ts/webpack/webpack.common.js","/home/gezim/dev/web/webpack-ts/webpack/webpack.prod.js"],"compilerOptions":{"target":1,"jsx":1,"allowNonTsExtensions":true,"allowJs":true,"noEmitForJsFiles":true,"maxNodeModuleJsDepth":2},"typeAcquisition":{"enable":true,"include":[],"exclude":[]},"unresolvedImports":["moment-locales-webpack-plugin","webpack-visualizer-plugin"],"projectRootPath":"/home/gezim/dev/web/webpack-ts/webpack","kind":"discover"}
[22:2:18.922] Loaded safelist from types map file '/home/gezim/dev/web/webpack-ts/node_modules/typescript/lib/typesMap.json'
[22:2:18.923] Explicitly included types: []
[22:2:18.924] Inferred typings from unresolved imports: ["moment-locales-webpack-plugin","webpack-visualizer-plugin"]
[22:2:18.925] Result: {"cachedTypingPaths":[],"newTypingNames":["moment-locales-webpack-plugin","webpack-visualizer-plugin"],"filesToWatch":["/home/gezim/dev/web/webpack-ts/webpack/bower_components","/home/gezim/dev/web/webpack-ts/webpack/node_modules"]}
[22:2:18.925] Finished typings discovery: {"cachedTypingPaths":[],"newTypingNames":["moment-locales-webpack-plugin","webpack-visualizer-plugin"],"filesToWatch":["/home/gezim/dev/web/webpack-ts/webpack/bower_components","/home/gezim/dev/web/webpack-ts/webpack/node_modules"]}
[22:2:18.925] DirectoryWatcher:: Added:: WatchInfo: /home/gezim/dev/web/webpack-ts/webpack/bower_components
[22:2:18.927] DirectoryWatcher:: Added:: WatchInfo: /home/gezim/dev/web/webpack-ts/webpack/node_modules
[22:2:18.927] Installing typings ["moment-locales-webpack-plugin","webpack-visualizer-plugin"]
[22:2:18.928] 'moment-locales-webpack-plugin':: Entry for package 'moment-locales-webpack-plugin' does not exist in local types registry - skipping...
[22:2:18.928] 'webpack-visualizer-plugin':: Entry for package 'webpack-visualizer-plugin' does not exist in local types registry - skipping...
[22:2:18.928] All typings are known to be missing or invalid - no need to install more typings
[22:2:18.928] Sending response:
    {"projectName":"/dev/null/inferredProject1*","typeAcquisition":{"enable":true,"include":[],"exclude":[]},"compilerOptions":{"target":1,"jsx":1,"allowNonTsExtensions":true,"allowJs":true,"noEmitForJsFiles":true,"maxNodeModuleJsDepth":2},"typings":[],"unresolvedImports":["moment-locales-webpack-plugin","webpack-visualizer-plugin"],"kind":"action::set"}
[22:2:18.928] Response has been sent.
[22:2:21.752] Got install request {"projectName":"/dev/null/inferredProject1*","fileNames":["/home/gezim/dev/web/webpack-ts/node_modules/typescript/lib/lib.d.ts","/home/gezim/dev/web/webpack-ts/node_modules/typescript/lib/lib.es5.d.ts","/home/gezim/dev/web/webpack-ts/node_modules/typescript/lib/lib.dom.d.ts","/home/gezim/dev/web/webpack-ts/node_modules/typescript/lib/lib.webworker.importscripts.d.ts","/home/gezim/dev/web/webpack-ts/node_modules/typescript/lib/lib.scripthost.d.ts","/home/gezim/dev/web/webpack-ts/webpack/utils.js","/home/gezim/dev/web/webpack-ts/webpack/webpack.common.js","/home/gezim/dev/web/webpack-ts/webpack/webpack.prod.js"],"compilerOptions":{"target":1,"jsx":1,"allowNonTsExtensions":true,"allowJs":true,"noEmitForJsFiles":true,"maxNodeModuleJsDepth":2},"typeAcquisition":{"enable":true,"include":[],"exclude":[]},"unresolvedImports":["@bazel/typescript","moment-locales-webpack-plugin","webpack-visualizer-plugin"],"projectRootPath":"/home/gezim/dev/web/webpack-ts/webpack","kind":"discover"}
[22:2:21.752] Explicitly included types: []
[22:2:21.752] Inferred typings from unresolved imports: ["@bazel/typescript","moment-locales-webpack-plugin","webpack-visualizer-plugin"]
[22:2:21.752] Result: {"cachedTypingPaths":[],"newTypingNames":["@bazel/typescript","moment-locales-webpack-plugin","webpack-visualizer-plugin"],"filesToWatch":["/home/gezim/dev/web/webpack-ts/webpack/bower_components","/home/gezim/dev/web/webpack-ts/webpack/node_modules"]}
[22:2:21.753] Finished typings discovery: {"cachedTypingPaths":[],"newTypingNames":["@bazel/typescript","moment-locales-webpack-plugin","webpack-visualizer-plugin"],"filesToWatch":["/home/gezim/dev/web/webpack-ts/webpack/bower_components","/home/gezim/dev/web/webpack-ts/webpack/node_modules"]}
[22:2:21.753] Installing typings ["@bazel/typescript","moment-locales-webpack-plugin","webpack-visualizer-plugin"]
[22:2:21.753] '@bazel/typescript':: Entry for package 'bazel__typescript' does not exist in local types registry - skipping...
[22:2:21.753] 'moment-locales-webpack-plugin':: Entry for package 'moment-locales-webpack-plugin' does not exist in local types registry - skipping...
[22:2:21.753] 'webpack-visualizer-plugin':: Entry for package 'webpack-visualizer-plugin' does not exist in local types registry - skipping...
[22:2:21.753] All typings are known to be missing or invalid - no need to install more typings
[22:2:21.753] Sending response:
    {"projectName":"/dev/null/inferredProject1*","typeAcquisition":{"enable":true,"include":[],"exclude":[]},"compilerOptions":{"target":1,"jsx":1,"allowNonTsExtensions":true,"allowJs":true,"noEmitForJsFiles":true,"maxNodeModuleJsDepth":2},"typings":[],"unresolvedImports":["@bazel/typescript","moment-locales-webpack-plugin","webpack-visualizer-plugin"],"kind":"action::set"}
[22:2:21.753] Response has been sent.
