[22:37:33.495] Global cache location '/home/gezim/.cache/typescript/3.7', safe file path '/home/gezim/dev/web/webpack-ts/node_modules/typescript/lib/typingSafeList.json', types map path /home/gezim/dev/web/webpack-ts/node_modules/typescript/lib/typesMap.json
[22:37:33.496] Processing cache location '/home/gezim/.cache/typescript/3.7'
[22:37:33.496] Trying to find '/home/gezim/.cache/typescript/3.7/package.json'...
[22:37:33.497] Loaded content of '/home/gezim/.cache/typescript/3.7/package.json': {"private":true,"dependencies":{"types-registry":"^0.1.471"},"devDependencies":{"@types/async":"^3.0.3","@types/atob":"^2.1.2","@types/bootstrap":"^4.3.1","@types/cache-manager":"^2.10.1","@types/clean-css":"^4.2.1","@types/core-js":"^2.5.2","@types/d3":"^5.7.2","@types/d3-format":"^1.3.1","@types/d3-time-format":"^2.1.1","@types/define-properties":"^1.1.1","@types/file-saver":"^2.0.1","@types/hammerjs":"^2.0.36","@types/he":"^1.1.0","@types/html-minifier":"^3.5.3","@types/html-webpack-plugin":"^3.2.1","@types/jest":"^24.0.24","@types/jquery":"^3.3.31","@types/jsoneditor":"^5.28.2","@types/jspdf":"^1.3.3","@types/less":"^3.0.1","@types/lodash":"^4.14.149","@types/nodemon":"^1.19.0","@types/object-hash":"^1.3.0","@types/pg":"^7.14.0","@types/prettier":"^1.19.0","@types/relateurl":"^0.2.28","@types/rimraf":"^2.0.3","@types/sockjs-client":"^1.1.1","@types/sprintf":"^0.1.0","@types/toposort":"^2.0.3","@types/util.promisify":"^1.0.1","@types/uuid":"^3.4.6","@types/wait-on":"^3.2.0","@types/web-animations-js":"^2.2.8","@types/webpack":"^4.41.0","@types/webpack-dev-server":"^3.9.0"}}
[22:37:33.497] Loaded content of '/home/gezim/.cache/typescript/3.7/package-lock.json'
[22:37:33.506] Adding entry into typings cache: 'async' => '/home/gezim/.cache/typescript/3.7/node_modules/@types/async/index.d.ts'
[22:37:33.508] Adding entry into typings cache: 'atob' => '/home/gezim/.cache/typescript/3.7/node_modules/@types/atob/index.d.ts'
[22:37:33.510] Adding entry into typings cache: 'bootstrap' => '/home/gezim/.cache/typescript/3.7/node_modules/@types/bootstrap/index.d.ts'
[22:37:33.514] Adding entry into typings cache: 'cache-manager' => '/home/gezim/.cache/typescript/3.7/node_modules/@types/cache-manager/index.d.ts'
[22:37:33.516] Adding entry into typings cache: 'clean-css' => '/home/gezim/.cache/typescript/3.7/node_modules/@types/clean-css/index.d.ts'
[22:37:33.518] Adding entry into typings cache: 'core-js' => '/home/gezim/.cache/typescript/3.7/node_modules/@types/core-js/index.d.ts'
[22:37:33.520] Adding entry into typings cache: 'd3' => '/home/gezim/.cache/typescript/3.7/node_modules/@types/d3/index.d.ts'
[22:37:33.524] Adding entry into typings cache: 'd3-format' => '/home/gezim/.cache/typescript/3.7/node_modules/@types/d3-format/index.d.ts'
[22:37:33.526] Adding entry into typings cache: 'd3-time-format' => '/home/gezim/.cache/typescript/3.7/node_modules/@types/d3-time-format/index.d.ts'
[22:37:33.528] Adding entry into typings cache: 'define-properties' => '/home/gezim/.cache/typescript/3.7/node_modules/@types/define-properties/index.d.ts'
[22:37:33.530] Adding entry into typings cache: 'file-saver' => '/home/gezim/.cache/typescript/3.7/node_modules/@types/file-saver/index.d.ts'
[22:37:33.532] Adding entry into typings cache: 'hammerjs' => '/home/gezim/.cache/typescript/3.7/node_modules/@types/hammerjs/index.d.ts'
[22:37:33.533] Adding entry into typings cache: 'he' => '/home/gezim/.cache/typescript/3.7/node_modules/@types/he/index.d.ts'
[22:37:33.534] Adding entry into typings cache: 'html-minifier' => '/home/gezim/.cache/typescript/3.7/node_modules/@types/html-minifier/index.d.ts'
[22:37:33.536] Adding entry into typings cache: 'html-webpack-plugin' => '/home/gezim/.cache/typescript/3.7/node_modules/@types/html-webpack-plugin/index.d.ts'
[22:37:33.539] Adding entry into typings cache: 'jest' => '/home/gezim/.cache/typescript/3.7/node_modules/@types/jest/index.d.ts'
[22:37:33.542] Adding entry into typings cache: 'jquery' => '/home/gezim/.cache/typescript/3.7/node_modules/@types/jquery/index.d.ts'
[22:37:33.543] Adding entry into typings cache: 'jsoneditor' => '/home/gezim/.cache/typescript/3.7/node_modules/@types/jsoneditor/index.d.ts'
[22:37:33.545] Adding entry into typings cache: 'jspdf' => '/home/gezim/.cache/typescript/3.7/node_modules/@types/jspdf/index.d.ts'
[22:37:33.546] Adding entry into typings cache: 'less' => '/home/gezim/.cache/typescript/3.7/node_modules/@types/less/index.d.ts'
[22:37:33.550] Adding entry into typings cache: 'lodash' => '/home/gezim/.cache/typescript/3.7/node_modules/@types/lodash/ts3.1/index.d.ts'
[22:37:33.551] Adding entry into typings cache: 'nodemon' => '/home/gezim/.cache/typescript/3.7/node_modules/@types/nodemon/index.d.ts'
[22:37:33.553] Adding entry into typings cache: 'object-hash' => '/home/gezim/.cache/typescript/3.7/node_modules/@types/object-hash/index.d.ts'
[22:37:33.554] Adding entry into typings cache: 'pg' => '/home/gezim/.cache/typescript/3.7/node_modules/@types/pg/index.d.ts'
[22:37:33.555] Adding entry into typings cache: 'prettier' => '/home/gezim/.cache/typescript/3.7/node_modules/@types/prettier/index.d.ts'
[22:37:33.557] Adding entry into typings cache: 'relateurl' => '/home/gezim/.cache/typescript/3.7/node_modules/@types/relateurl/index.d.ts'
[22:37:33.558] Adding entry into typings cache: 'rimraf' => '/home/gezim/.cache/typescript/3.7/node_modules/@types/rimraf/index.d.ts'
[22:37:33.559] Adding entry into typings cache: 'sockjs-client' => '/home/gezim/.cache/typescript/3.7/node_modules/@types/sockjs-client/index.d.ts'
[22:37:33.560] Adding entry into typings cache: 'sprintf' => '/home/gezim/.cache/typescript/3.7/node_modules/@types/sprintf/index.d.ts'
[22:37:33.562] Adding entry into typings cache: 'toposort' => '/home/gezim/.cache/typescript/3.7/node_modules/@types/toposort/index.d.ts'
[22:37:33.563] Adding entry into typings cache: 'util.promisify' => '/home/gezim/.cache/typescript/3.7/node_modules/@types/util.promisify/index.d.ts'
[22:37:33.564] Adding entry into typings cache: 'uuid' => '/home/gezim/.cache/typescript/3.7/node_modules/@types/uuid/index.d.ts'
[22:37:33.566] Adding entry into typings cache: 'wait-on' => '/home/gezim/.cache/typescript/3.7/node_modules/@types/wait-on/index.d.ts'
[22:37:33.568] Adding entry into typings cache: 'web-animations-js' => '/home/gezim/.cache/typescript/3.7/node_modules/@types/web-animations-js/ts3.2/index.d.ts'
[22:37:33.570] Adding entry into typings cache: 'webpack' => '/home/gezim/.cache/typescript/3.7/node_modules/@types/webpack/index.d.ts'
[22:37:33.572] Adding entry into typings cache: 'webpack-dev-server' => '/home/gezim/.cache/typescript/3.7/node_modules/@types/webpack-dev-server/index.d.ts'
[22:37:33.572] Finished processing cache location '/home/gezim/.cache/typescript/3.7'
[22:37:33.573] Process id: 4217
[22:37:33.573] NPM location: /home/gezim/.nvm/versions/node/v10.17.0/bin/npm (explicit '--npmLocation' not  provided)
[22:37:33.573] validateDefaultNpmLocation: false
[22:37:33.573] Npm config file: /home/gezim/.cache/typescript/3.7/package.json
[22:37:33.573] Updating types-registry npm package...
[22:37:33.573] Exec: /home/gezim/.nvm/versions/node/v10.17.0/bin/npm install --ignore-scripts types-registry@latest
[22:37:35.923]     Succeeded. stdout:
    + types-registry@0.1.471
    updated 1 package and audited 202 packages in 1.916s
found 0 vulnerabilities


[22:37:35.923] Updated types-registry npm package
[22:37:35.944] Got install request {"projectName":"/dev/null/inferredProject1*","fileNames":["/home/gezim/dev/web/webpack-ts/node_modules/typescript/lib/lib.d.ts","/home/gezim/dev/web/webpack-ts/node_modules/typescript/lib/lib.es5.d.ts","/home/gezim/dev/web/webpack-ts/node_modules/typescript/lib/lib.dom.d.ts","/home/gezim/dev/web/webpack-ts/node_modules/typescript/lib/lib.webworker.importscripts.d.ts","/home/gezim/dev/web/webpack-ts/node_modules/typescript/lib/lib.scripthost.d.ts","/home/gezim/dev/web/webpack-ts/webpack/webpack.config.js"],"compilerOptions":{"target":1,"jsx":1,"allowNonTsExtensions":true,"allowJs":true,"noEmitForJsFiles":true,"maxNodeModuleJsDepth":2},"typeAcquisition":{"enable":true,"include":[],"exclude":[]},"unresolvedImports":[],"projectRootPath":"/home/gezim/dev/web/webpack-ts/webpack","kind":"discover"}
[22:37:35.955] Loaded safelist from types map file '/home/gezim/dev/web/webpack-ts/node_modules/typescript/lib/typesMap.json'
[22:37:35.956] Explicitly included types: []
[22:37:35.957] Inferred typings from unresolved imports: []
[22:37:35.957] Result: {"cachedTypingPaths":[],"newTypingNames":[],"filesToWatch":["/home/gezim/dev/web/webpack-ts/webpack/bower_components","/home/gezim/dev/web/webpack-ts/webpack/node_modules"]}
[22:37:35.957] Finished typings discovery: {"cachedTypingPaths":[],"newTypingNames":[],"filesToWatch":["/home/gezim/dev/web/webpack-ts/webpack/bower_components","/home/gezim/dev/web/webpack-ts/webpack/node_modules"]}
[22:37:35.957] DirectoryWatcher:: Added:: WatchInfo: /home/gezim/dev/web/webpack-ts/webpack/bower_components
[22:37:35.958] DirectoryWatcher:: Added:: WatchInfo: /home/gezim/dev/web/webpack-ts/webpack/node_modules
[22:37:35.959] Sending response:
    {"projectName":"/dev/null/inferredProject1*","typeAcquisition":{"enable":true,"include":[],"exclude":[]},"compilerOptions":{"target":1,"jsx":1,"allowNonTsExtensions":true,"allowJs":true,"noEmitForJsFiles":true,"maxNodeModuleJsDepth":2},"typings":[],"unresolvedImports":[],"kind":"action::set"}
[22:37:35.959] Response has been sent.
[22:37:35.959] No new typings were requested as a result of typings discovery
