[22:17:26.963] Global cache location '/home/gezim/.cache/typescript/3.7', safe file path '/home/gezim/dev/web/webpack-ts/node_modules/typescript/lib/typingSafeList.json', types map path /home/gezim/dev/web/webpack-ts/node_modules/typescript/lib/typesMap.json
[22:17:26.964] Processing cache location '/home/gezim/.cache/typescript/3.7'
[22:17:26.964] Trying to find '/home/gezim/.cache/typescript/3.7/package.json'...
[22:17:26.965] Loaded content of '/home/gezim/.cache/typescript/3.7/package.json': {"private":true,"dependencies":{"types-registry":"^0.1.471"},"devDependencies":{"@types/async":"^3.0.3","@types/atob":"^2.1.2","@types/bootstrap":"^4.3.1","@types/cache-manager":"^2.10.1","@types/clean-css":"^4.2.1","@types/core-js":"^2.5.2","@types/d3":"^5.7.2","@types/d3-format":"^1.3.1","@types/d3-time-format":"^2.1.1","@types/define-properties":"^1.1.1","@types/file-saver":"^2.0.1","@types/hammerjs":"^2.0.36","@types/he":"^1.1.0","@types/html-minifier":"^3.5.3","@types/html-webpack-plugin":"^3.2.1","@types/jest":"^24.0.24","@types/jquery":"^3.3.31","@types/jsoneditor":"^5.28.2","@types/jspdf":"^1.3.3","@types/less":"^3.0.1","@types/lodash":"^4.14.149","@types/nodemon":"^1.19.0","@types/object-hash":"^1.3.0","@types/pg":"^7.14.0","@types/prettier":"^1.19.0","@types/relateurl":"^0.2.28","@types/rimraf":"^2.0.3","@types/sockjs-client":"^1.1.1","@types/sprintf":"^0.1.0","@types/toposort":"^2.0.3","@types/util.promisify":"^1.0.1","@types/uuid":"^3.4.6","@types/wait-on":"^3.2.0","@types/web-animations-js":"^2.2.8","@types/webpack":"^4.41.0","@types/webpack-dev-server":"^3.9.0"}}
[22:17:26.965] Loaded content of '/home/gezim/.cache/typescript/3.7/package-lock.json'
[22:17:26.975] Adding entry into typings cache: 'async' => '/home/gezim/.cache/typescript/3.7/node_modules/@types/async/index.d.ts'
[22:17:26.978] Adding entry into typings cache: 'atob' => '/home/gezim/.cache/typescript/3.7/node_modules/@types/atob/index.d.ts'
[22:17:26.980] Adding entry into typings cache: 'bootstrap' => '/home/gezim/.cache/typescript/3.7/node_modules/@types/bootstrap/index.d.ts'
[22:17:26.984] Adding entry into typings cache: 'cache-manager' => '/home/gezim/.cache/typescript/3.7/node_modules/@types/cache-manager/index.d.ts'
[22:17:26.987] Adding entry into typings cache: 'clean-css' => '/home/gezim/.cache/typescript/3.7/node_modules/@types/clean-css/index.d.ts'
[22:17:26.990] Adding entry into typings cache: 'core-js' => '/home/gezim/.cache/typescript/3.7/node_modules/@types/core-js/index.d.ts'
[22:17:26.993] Adding entry into typings cache: 'd3' => '/home/gezim/.cache/typescript/3.7/node_modules/@types/d3/index.d.ts'
[22:17:26.997] Adding entry into typings cache: 'd3-format' => '/home/gezim/.cache/typescript/3.7/node_modules/@types/d3-format/index.d.ts'
[22:17:26.999] Adding entry into typings cache: 'd3-time-format' => '/home/gezim/.cache/typescript/3.7/node_modules/@types/d3-time-format/index.d.ts'
[22:17:27.0] Adding entry into typings cache: 'define-properties' => '/home/gezim/.cache/typescript/3.7/node_modules/@types/define-properties/index.d.ts'
[22:17:27.2] Adding entry into typings cache: 'file-saver' => '/home/gezim/.cache/typescript/3.7/node_modules/@types/file-saver/index.d.ts'
[22:17:27.4] Adding entry into typings cache: 'hammerjs' => '/home/gezim/.cache/typescript/3.7/node_modules/@types/hammerjs/index.d.ts'
[22:17:27.6] Adding entry into typings cache: 'he' => '/home/gezim/.cache/typescript/3.7/node_modules/@types/he/index.d.ts'
[22:17:27.7] Adding entry into typings cache: 'html-minifier' => '/home/gezim/.cache/typescript/3.7/node_modules/@types/html-minifier/index.d.ts'
[22:17:27.9] Adding entry into typings cache: 'html-webpack-plugin' => '/home/gezim/.cache/typescript/3.7/node_modules/@types/html-webpack-plugin/index.d.ts'
[22:17:27.12] Adding entry into typings cache: 'jest' => '/home/gezim/.cache/typescript/3.7/node_modules/@types/jest/index.d.ts'
[22:17:27.15] Adding entry into typings cache: 'jquery' => '/home/gezim/.cache/typescript/3.7/node_modules/@types/jquery/index.d.ts'
[22:17:27.17] Adding entry into typings cache: 'jsoneditor' => '/home/gezim/.cache/typescript/3.7/node_modules/@types/jsoneditor/index.d.ts'
[22:17:27.19] Adding entry into typings cache: 'jspdf' => '/home/gezim/.cache/typescript/3.7/node_modules/@types/jspdf/index.d.ts'
[22:17:27.20] Adding entry into typings cache: 'less' => '/home/gezim/.cache/typescript/3.7/node_modules/@types/less/index.d.ts'
[22:17:27.24] Adding entry into typings cache: 'lodash' => '/home/gezim/.cache/typescript/3.7/node_modules/@types/lodash/ts3.1/index.d.ts'
[22:17:27.26] Adding entry into typings cache: 'nodemon' => '/home/gezim/.cache/typescript/3.7/node_modules/@types/nodemon/index.d.ts'
[22:17:27.28] Adding entry into typings cache: 'object-hash' => '/home/gezim/.cache/typescript/3.7/node_modules/@types/object-hash/index.d.ts'
[22:17:27.29] Adding entry into typings cache: 'pg' => '/home/gezim/.cache/typescript/3.7/node_modules/@types/pg/index.d.ts'
[22:17:27.31] Adding entry into typings cache: 'prettier' => '/home/gezim/.cache/typescript/3.7/node_modules/@types/prettier/index.d.ts'
[22:17:27.33] Adding entry into typings cache: 'relateurl' => '/home/gezim/.cache/typescript/3.7/node_modules/@types/relateurl/index.d.ts'
[22:17:27.35] Adding entry into typings cache: 'rimraf' => '/home/gezim/.cache/typescript/3.7/node_modules/@types/rimraf/index.d.ts'
[22:17:27.36] Adding entry into typings cache: 'sockjs-client' => '/home/gezim/.cache/typescript/3.7/node_modules/@types/sockjs-client/index.d.ts'
[22:17:27.37] Adding entry into typings cache: 'sprintf' => '/home/gezim/.cache/typescript/3.7/node_modules/@types/sprintf/index.d.ts'
[22:17:27.39] Adding entry into typings cache: 'toposort' => '/home/gezim/.cache/typescript/3.7/node_modules/@types/toposort/index.d.ts'
[22:17:27.40] Adding entry into typings cache: 'util.promisify' => '/home/gezim/.cache/typescript/3.7/node_modules/@types/util.promisify/index.d.ts'
[22:17:27.42] Adding entry into typings cache: 'uuid' => '/home/gezim/.cache/typescript/3.7/node_modules/@types/uuid/index.d.ts'
[22:17:27.43] Adding entry into typings cache: 'wait-on' => '/home/gezim/.cache/typescript/3.7/node_modules/@types/wait-on/index.d.ts'
[22:17:27.46] Adding entry into typings cache: 'web-animations-js' => '/home/gezim/.cache/typescript/3.7/node_modules/@types/web-animations-js/ts3.2/index.d.ts'
[22:17:27.48] Adding entry into typings cache: 'webpack' => '/home/gezim/.cache/typescript/3.7/node_modules/@types/webpack/index.d.ts'
[22:17:27.51] Adding entry into typings cache: 'webpack-dev-server' => '/home/gezim/.cache/typescript/3.7/node_modules/@types/webpack-dev-server/index.d.ts'
[22:17:27.51] Finished processing cache location '/home/gezim/.cache/typescript/3.7'
[22:17:27.52] Process id: 7043
[22:17:27.52] NPM location: /home/gezim/.nvm/versions/node/v10.17.0/bin/npm (explicit '--npmLocation' not  provided)
[22:17:27.52] validateDefaultNpmLocation: false
[22:17:27.52] Npm config file: /home/gezim/.cache/typescript/3.7/package.json
[22:17:27.52] Updating types-registry npm package...
[22:17:27.52] Exec: /home/gezim/.nvm/versions/node/v10.17.0/bin/npm install --ignore-scripts types-registry@latest
[22:17:29.86]     Succeeded. stdout:
    + types-registry@0.1.471
    updated 1 package and audited 202 packages in 1.513s
found 0 vulnerabilities


[22:17:29.86] Updated types-registry npm package
