Info 0    [12:45:55.378] Starting TS Server
Info 1    [12:45:55.381] Version: 3.7.4
Info 2    [12:45:55.381] Arguments: /home/gezim/.nvm/versions/node/v10.17.0/bin/node /home/gezim/.nvm/versions/node/v10.17.0/bin/tsserver --logFile /home/gezim/dev/web/webpack-ts/.log/tsserver.log --logVerbosity info --cancellationPipeName /tmp/b2794809cfea840f08441af18979e3fb/tscancellation*
Info 3    [12:45:55.381] Platform: linux NodeVersion: 10 CaseSensitive: true
Info 4    [12:45:55.395] Search path: /home/gezim/dev/web/webpack-ts/webpack
Info 5    [12:45:55.396] For info: /home/gezim/dev/web/webpack-ts/webpack/webpack.prod.js :: Config file name: /home/gezim/dev/web/webpack-ts/tsconfig.json
Info 6    [12:45:55.396] Opened configuration file /home/gezim/dev/web/webpack-ts/tsconfig.json
Info 7    [12:45:55.418] Config: /home/gezim/dev/web/webpack-ts/tsconfig.json : {
 "rootNames": [
  "/home/gezim/dev/web/webpack-ts/src/main/main.ts",
  "/home/gezim/dev/web/webpack-ts/src/main/polyfills.ts",
  "/home/gezim/dev/web/webpack-ts/src/main/app/app-routing.module.ts",
  "/home/gezim/dev/web/webpack-ts/src/main/app/app.component.ts",
  "/home/gezim/dev/web/webpack-ts/src/main/app/app.module.ts",
  "/home/gezim/dev/web/webpack-ts/src/main/app/login/login.component.ts",
  "/home/gezim/dev/web/webpack-ts/src/main/environments/environment.prod.ts",
  "/home/gezim/dev/web/webpack-ts/src/main/environments/environment.ts",
  "/home/gezim/dev/web/webpack-ts/src/test/jest-global-mocks.ts",
  "/home/gezim/dev/web/webpack-ts/src/test/jest.conf.js",
  "/home/gezim/dev/web/webpack-ts/src/test/jest.ts",
  "/home/gezim/dev/web/webpack-ts/src/test/protractor.conf.js",
  "/home/gezim/dev/web/webpack-ts/src/test/spec/app.component.spec.ts"
 ],
 "options": {
  "target": 2,
  "module": 99,
  "moduleResolution": 2,
  "sourceMap": true,
  "emitDecoratorMetadata": true,
  "experimentalDecorators": true,
  "removeComments": false,
  "strict": true,
  "noImplicitReturns": true,
  "noFallthroughCasesInSwitch": true,
  "skipLibCheck": true,
  "suppressImplicitAnyIndexErrors": true,
  "outDir": "/home/gezim/dev/web/webpack-ts/dist",
  "lib": [
   "lib.es2016.d.ts",
   "lib.dom.d.ts"
  ],
  "typeRoots": [
   "/home/gezim/dev/web/webpack-ts/node_modules/@types"
  ],
  "baseUrl": "/home/gezim/dev/web/webpack-ts",
  "paths": {
   "app/*": [
    "src/main/app/*"
   ]
  },
  "importHelpers": true,
  "allowJs": true,
  "configFilePath": "/home/gezim/dev/web/webpack-ts/tsconfig.json"
 }
}
Info 8    [12:45:55.484] Starting updateGraphWorker: Project: /home/gezim/dev/web/webpack-ts/tsconfig.json
Info 9    [12:45:59.480] Finishing updateGraphWorker: Project: /home/gezim/dev/web/webpack-ts/tsconfig.json Version: 1 structureChanged: true Elapsed: 3996ms
Info 10   [12:45:59.482] Project '/home/gezim/dev/web/webpack-ts/tsconfig.json' (Configured) 
Info 11   [12:45:59.482] 	Files (293)

Info 12   [12:45:59.482] -----------------------------------------------
Info 13   [12:45:59.487] Starting updateGraphWorker: Project: /dev/null/inferredProject1*
Info 14   [12:46:1.362] Finishing updateGraphWorker: Project: /dev/null/inferredProject1* Version: 1 structureChanged: true Elapsed: 1875ms
Info 15   [12:46:1.362] Project '/dev/null/inferredProject1*' (Inferred) 
Info 16   [12:46:1.362] 	Files (464)

Info 17   [12:46:1.362] -----------------------------------------------
Info 18   [12:46:1.968] Starting updateGraphWorker: Project: /dev/null/inferredProject1*
Info 19   [12:46:2.83] Finishing updateGraphWorker: Project: /dev/null/inferredProject1* Version: 2 structureChanged: true Elapsed: 115ms
Info 20   [12:46:2.83] Different program with same set of files:: oldProgram.structureIsReused:: 1
Info 21   [12:46:2.84] Structure before ensureProjectForOpenFiles:
Info 22   [12:46:2.84] Structure after ensureProjectForOpenFiles:
Info 23   [12:46:2.84] got projects updated in background, updating diagnostics for /home/gezim/dev/web/webpack-ts/webpack/webpack.prod.js
Info 24   [23:21:38.457] DirectoryWatcher:: Triggered with /home/gezim/.cache/typescript/3.7/node_modules/types-registry/README.md :: WatchInfo: /home/gezim/.cache/typescript/3.7/node_modules 1 Project: /dev/null/inferredProject1* WatchType: Failed Lookup Locations
Info 25   [23:21:38.458] Elapsed:: 1ms DirectoryWatcher:: Triggered with /home/gezim/.cache/typescript/3.7/node_modules/types-registry/README.md :: WatchInfo: /home/gezim/.cache/typescript/3.7/node_modules 1 Project: /dev/null/inferredProject1* WatchType: Failed Lookup Locations
Info 26   [23:21:38.459] DirectoryWatcher:: Triggered with /home/gezim/.cache/typescript/3.7/node_modules/types-registry/index.json :: WatchInfo: /home/gezim/.cache/typescript/3.7/node_modules 1 Project: /dev/null/inferredProject1* WatchType: Failed Lookup Locations
Info 27   [23:21:38.460] Elapsed:: 1ms DirectoryWatcher:: Triggered with /home/gezim/.cache/typescript/3.7/node_modules/types-registry/index.json :: WatchInfo: /home/gezim/.cache/typescript/3.7/node_modules 1 Project: /dev/null/inferredProject1* WatchType: Failed Lookup Locations
Info 28   [23:21:38.460] DirectoryWatcher:: Triggered with /home/gezim/.cache/typescript/3.7/node_modules/types-registry/package.json :: WatchInfo: /home/gezim/.cache/typescript/3.7/node_modules 1 Project: /dev/null/inferredProject1* WatchType: Failed Lookup Locations
Info 29   [23:21:38.460] Elapsed:: 0ms DirectoryWatcher:: Triggered with /home/gezim/.cache/typescript/3.7/node_modules/types-registry/package.json :: WatchInfo: /home/gezim/.cache/typescript/3.7/node_modules 1 Project: /dev/null/inferredProject1* WatchType: Failed Lookup Locations
Info 30   [23:21:38.460] DirectoryWatcher:: Triggered with /home/gezim/.cache/typescript/3.7/node_modules/types-registry :: WatchInfo: /home/gezim/.cache/typescript/3.7/node_modules 1 Project: /dev/null/inferredProject1* WatchType: Failed Lookup Locations
Info 31   [23:21:38.460] Elapsed:: 0ms DirectoryWatcher:: Triggered with /home/gezim/.cache/typescript/3.7/node_modules/types-registry :: WatchInfo: /home/gezim/.cache/typescript/3.7/node_modules 1 Project: /dev/null/inferredProject1* WatchType: Failed Lookup Locations
Info 32   [23:21:38.468] DirectoryWatcher:: Triggered with /home/gezim/.cache/typescript/3.7/node_modules/file-uri-to-path :: WatchInfo: /home/gezim/.cache/typescript/3.7/node_modules 1 Project: /dev/null/inferredProject1* WatchType: Failed Lookup Locations
Info 33   [23:21:38.468] Elapsed:: 0ms DirectoryWatcher:: Triggered with /home/gezim/.cache/typescript/3.7/node_modules/file-uri-to-path :: WatchInfo: /home/gezim/.cache/typescript/3.7/node_modules 1 Project: /dev/null/inferredProject1* WatchType: Failed Lookup Locations
Info 34   [23:21:38.480] DirectoryWatcher:: Triggered with /home/gezim/.cache/typescript/3.7/node_modules/bindings :: WatchInfo: /home/gezim/.cache/typescript/3.7/node_modules 1 Project: /dev/null/inferredProject1* WatchType: Failed Lookup Locations
Info 35   [23:21:38.480] Elapsed:: 0ms DirectoryWatcher:: Triggered with /home/gezim/.cache/typescript/3.7/node_modules/bindings :: WatchInfo: /home/gezim/.cache/typescript/3.7/node_modules 1 Project: /dev/null/inferredProject1* WatchType: Failed Lookup Locations
Info 36   [23:21:38.489] DirectoryWatcher:: Triggered with /home/gezim/.cache/typescript/3.7/node_modules/fsevents :: WatchInfo: /home/gezim/.cache/typescript/3.7/node_modules 1 Project: /dev/null/inferredProject1* WatchType: Failed Lookup Locations
Info 37   [23:21:38.489] Elapsed:: 0ms DirectoryWatcher:: Triggered with /home/gezim/.cache/typescript/3.7/node_modules/fsevents :: WatchInfo: /home/gezim/.cache/typescript/3.7/node_modules 1 Project: /dev/null/inferredProject1* WatchType: Failed Lookup Locations
Info 38   [23:21:38.498] DirectoryWatcher:: Triggered with /home/gezim/.cache/typescript/3.7/node_modules/fsevents/node_modules/mkdirp :: WatchInfo: /home/gezim/.cache/typescript/3.7/node_modules 1 Project: /dev/null/inferredProject1* WatchType: Failed Lookup Locations
Info 39   [23:21:38.498] Elapsed:: 0ms DirectoryWatcher:: Triggered with /home/gezim/.cache/typescript/3.7/node_modules/fsevents/node_modules/mkdirp :: WatchInfo: /home/gezim/.cache/typescript/3.7/node_modules 1 Project: /dev/null/inferredProject1* WatchType: Failed Lookup Locations
Info 40   [23:21:38.508] DirectoryWatcher:: Triggered with /home/gezim/.cache/typescript/3.7/node_modules/fsevents/node_modules/ms :: WatchInfo: /home/gezim/.cache/typescript/3.7/node_modules 1 Project: /dev/null/inferredProject1* WatchType: Failed Lookup Locations
Info 41   [23:21:38.508] Elapsed:: 0ms DirectoryWatcher:: Triggered with /home/gezim/.cache/typescript/3.7/node_modules/fsevents/node_modules/ms :: WatchInfo: /home/gezim/.cache/typescript/3.7/node_modules 1 Project: /dev/null/inferredProject1* WatchType: Failed Lookup Locations
Info 42   [23:21:38.511] DirectoryWatcher:: Triggered with /home/gezim/.cache/typescript/3.7/node_modules/fsevents/node_modules/debug :: WatchInfo: /home/gezim/.cache/typescript/3.7/node_modules 1 Project: /dev/null/inferredProject1* WatchType: Failed Lookup Locations
Info 43   [23:21:38.511] Elapsed:: 0ms DirectoryWatcher:: Triggered with /home/gezim/.cache/typescript/3.7/node_modules/fsevents/node_modules/debug :: WatchInfo: /home/gezim/.cache/typescript/3.7/node_modules 1 Project: /dev/null/inferredProject1* WatchType: Failed Lookup Locations
Info 44   [23:21:38.523] DirectoryWatcher:: Triggered with /home/gezim/.cache/typescript/3.7/node_modules/fsevents/node_modules/npm-normalize-package-bin :: WatchInfo: /home/gezim/.cache/typescript/3.7/node_modules 1 Project: /dev/null/inferredProject1* WatchType: Failed Lookup Locations
Info 45   [23:21:38.523] Elapsed:: 0ms DirectoryWatcher:: Triggered with /home/gezim/.cache/typescript/3.7/node_modules/fsevents/node_modules/npm-normalize-package-bin :: WatchInfo: /home/gezim/.cache/typescript/3.7/node_modules 1 Project: /dev/null/inferredProject1* WatchType: Failed Lookup Locations
Info 46   [23:21:38.529] DirectoryWatcher:: Triggered with /home/gezim/.cache/typescript/3.7/node_modules/fsevents/node_modules/npm-bundled :: WatchInfo: /home/gezim/.cache/typescript/3.7/node_modules 1 Project: /dev/null/inferredProject1* WatchType: Failed Lookup Locations
Info 47   [23:21:38.529] Elapsed:: 0ms DirectoryWatcher:: Triggered with /home/gezim/.cache/typescript/3.7/node_modules/fsevents/node_modules/npm-bundled :: WatchInfo: /home/gezim/.cache/typescript/3.7/node_modules 1 Project: /dev/null/inferredProject1* WatchType: Failed Lookup Locations
Info 48   [23:21:38.532] DirectoryWatcher:: Triggered with /home/gezim/.cache/typescript/3.7/node_modules/fsevents/node_modules/npm-packlist :: WatchInfo: /home/gezim/.cache/typescript/3.7/node_modules 1 Project: /dev/null/inferredProject1* WatchType: Failed Lookup Locations
Info 49   [23:21:38.532] Elapsed:: 0ms DirectoryWatcher:: Triggered with /home/gezim/.cache/typescript/3.7/node_modules/fsevents/node_modules/npm-packlist :: WatchInfo: /home/gezim/.cache/typescript/3.7/node_modules 1 Project: /dev/null/inferredProject1* WatchType: Failed Lookup Locations
Info 50   [23:21:38.535] DirectoryWatcher:: Triggered with /home/gezim/.cache/typescript/3.7/node_modules/fsevents/node_modules/number-is-nan :: WatchInfo: /home/gezim/.cache/typescript/3.7/node_modules 1 Project: /dev/null/inferredProject1* WatchType: Failed Lookup Locations
Info 51   [23:21:38.535] Elapsed:: 0ms DirectoryWatcher:: Triggered with /home/gezim/.cache/typescript/3.7/node_modules/fsevents/node_modules/number-is-nan :: WatchInfo: /home/gezim/.cache/typescript/3.7/node_modules 1 Project: /dev/null/inferredProject1* WatchType: Failed Lookup Locations
Info 52   [23:21:38.538] DirectoryWatcher:: Triggered with /home/gezim/.cache/typescript/3.7/node_modules/fsevents/node_modules/is-fullwidth-code-point :: WatchInfo: /home/gezim/.cache/typescript/3.7/node_modules 1 Project: /dev/null/inferredProject1* WatchType: Failed Lookup Locations
Info 53   [23:21:38.538] Elapsed:: 0ms DirectoryWatcher:: Triggered with /home/gezim/.cache/typescript/3.7/node_modules/fsevents/node_modules/is-fullwidth-code-point :: WatchInfo: /home/gezim/.cache/typescript/3.7/node_modules 1 Project: /dev/null/inferredProject1* WatchType: Failed Lookup Locations
Info 54   [23:21:38.540] DirectoryWatcher:: Triggered with /home/gezim/.cache/typescript/3.7/node_modules/fsevents/node_modules/object-assign :: WatchInfo: /home/gezim/.cache/typescript/3.7/node_modules 1 Project: /dev/null/inferredProject1* WatchType: Failed Lookup Locations
Info 55   [23:21:38.540] Elapsed:: 0ms DirectoryWatcher:: Triggered with /home/gezim/.cache/typescript/3.7/node_modules/fsevents/node_modules/object-assign :: WatchInfo: /home/gezim/.cache/typescript/3.7/node_modules 1 Project: /dev/null/inferredProject1* WatchType: Failed Lookup Locations
Info 56   [23:21:38.543] DirectoryWatcher:: Triggered with /home/gezim/.cache/typescript/3.7/node_modules/fsevents/node_modules/os-homedir :: WatchInfo: /home/gezim/.cache/typescript/3.7/node_modules 1 Project: /dev/null/inferredProject1* WatchType: Failed Lookup Locations
Info 57   [23:21:38.543] Elapsed:: 0ms DirectoryWatcher:: Triggered with /home/gezim/.cache/typescript/3.7/node_modules/fsevents/node_modules/os-homedir :: WatchInfo: /home/gezim/.cache/typescript/3.7/node_modules 1 Project: /dev/null/inferredProject1* WatchType: Failed Lookup Locations
Info 58   [23:21:38.546] DirectoryWatcher:: Triggered with /home/gezim/.cache/typescript/3.7/node_modules/fsevents/node_modules/os-tmpdir :: WatchInfo: /home/gezim/.cache/typescript/3.7/node_modules 1 Project: /dev/null/inferredProject1* WatchType: Failed Lookup Locations
Info 59   [23:21:38.546] Elapsed:: 0ms DirectoryWatcher:: Triggered with /home/gezim/.cache/typescript/3.7/node_modules/fsevents/node_modules/os-tmpdir :: WatchInfo: /home/gezim/.cache/typescript/3.7/node_modules 1 Project: /dev/null/inferredProject1* WatchType: Failed Lookup Locations
Info 60   [23:21:38.548] DirectoryWatcher:: Triggered with /home/gezim/.cache/typescript/3.7/node_modules/fsevents/node_modules/osenv :: WatchInfo: /home/gezim/.cache/typescript/3.7/node_modules 1 Project: /dev/null/inferredProject1* WatchType: Failed Lookup Locations
Info 61   [23:21:38.548] Elapsed:: 0ms DirectoryWatcher:: Triggered with /home/gezim/.cache/typescript/3.7/node_modules/fsevents/node_modules/osenv :: WatchInfo: /home/gezim/.cache/typescript/3.7/node_modules 1 Project: /dev/null/inferredProject1* WatchType: Failed Lookup Locations
Info 62   [23:21:38.551] DirectoryWatcher:: Triggered with /home/gezim/.cache/typescript/3.7/node_modules/fsevents/node_modules/nopt :: WatchInfo: /home/gezim/.cache/typescript/3.7/node_modules 1 Project: /dev/null/inferredProject1* WatchType: Failed Lookup Locations
Info 63   [23:21:38.551] Elapsed:: 0ms DirectoryWatcher:: Triggered with /home/gezim/.cache/typescript/3.7/node_modules/fsevents/node_modules/nopt :: WatchInfo: /home/gezim/.cache/typescript/3.7/node_modules 1 Project: /dev/null/inferredProject1* WatchType: Failed Lookup Locations
Info 64   [23:21:38.554] DirectoryWatcher:: Triggered with /home/gezim/.cache/typescript/3.7/node_modules/fsevents/node_modules/path-is-absolute :: WatchInfo: /home/gezim/.cache/typescript/3.7/node_modules 1 Project: /dev/null/inferredProject1* WatchType: Failed Lookup Locations
Info 65   [23:21:38.554] Elapsed:: 0ms DirectoryWatcher:: Triggered with /home/gezim/.cache/typescript/3.7/node_modules/fsevents/node_modules/path-is-absolute :: WatchInfo: /home/gezim/.cache/typescript/3.7/node_modules 1 Project: /dev/null/inferredProject1* WatchType: Failed Lookup Locations
Info 66   [23:21:38.557] DirectoryWatcher:: Triggered with /home/gezim/.cache/typescript/3.7/node_modules/fsevents/node_modules/process-nextick-args :: WatchInfo: /home/gezim/.cache/typescript/3.7/node_modules 1 Project: /dev/null/inferredProject1* WatchType: Failed Lookup Locations
Info 67   [23:21:38.557] Elapsed:: 0ms DirectoryWatcher:: Triggered with /home/gezim/.cache/typescript/3.7/node_modules/fsevents/node_modules/process-nextick-args :: WatchInfo: /home/gezim/.cache/typescript/3.7/node_modules 1 Project: /dev/null/inferredProject1* WatchType: Failed Lookup Locations
Info 68   [23:21:38.560] DirectoryWatcher:: Triggered with /home/gezim/.cache/typescript/3.7/node_modules/fsevents/node_modules/rc :: WatchInfo: /home/gezim/.cache/typescript/3.7/node_modules 1 Project: /dev/null/inferredProject1* WatchType: Failed Lookup Locations
Info 69   [23:21:38.560] Elapsed:: 0ms DirectoryWatcher:: Triggered with /home/gezim/.cache/typescript/3.7/node_modules/fsevents/node_modules/rc :: WatchInfo: /home/gezim/.cache/typescript/3.7/node_modules 1 Project: /dev/null/inferredProject1* WatchType: Failed Lookup Locations
Info 70   [23:21:38.562] DirectoryWatcher:: Triggered with /home/gezim/.cache/typescript/3.7/node_modules/fsevents/node_modules/safe-buffer :: WatchInfo: /home/gezim/.cache/typescript/3.7/node_modules 1 Project: /dev/null/inferredProject1* WatchType: Failed Lookup Locations
Info 71   [23:21:38.562] Elapsed:: 0ms DirectoryWatcher:: Triggered with /home/gezim/.cache/typescript/3.7/node_modules/fsevents/node_modules/safe-buffer :: WatchInfo: /home/gezim/.cache/typescript/3.7/node_modules 1 Project: /dev/null/inferredProject1* WatchType: Failed Lookup Locations
Info 72   [23:21:38.564] DirectoryWatcher:: Triggered with /home/gezim/.cache/typescript/3.7/node_modules/fsevents/node_modules/safer-buffer :: WatchInfo: /home/gezim/.cache/typescript/3.7/node_modules 1 Project: /dev/null/inferredProject1* WatchType: Failed Lookup Locations
Info 73   [23:21:38.564] Elapsed:: 0ms DirectoryWatcher:: Triggered with /home/gezim/.cache/typescript/3.7/node_modules/fsevents/node_modules/safer-buffer :: WatchInfo: /home/gezim/.cache/typescript/3.7/node_modules 1 Project: /dev/null/inferredProject1* WatchType: Failed Lookup Locations
Info 74   [23:21:38.567] DirectoryWatcher:: Triggered with /home/gezim/.cache/typescript/3.7/node_modules/fsevents/node_modules/iconv-lite :: WatchInfo: /home/gezim/.cache/typescript/3.7/node_modules 1 Project: /dev/null/inferredProject1* WatchType: Failed Lookup Locations
Info 75   [23:21:38.567] Elapsed:: 0ms DirectoryWatcher:: Triggered with /home/gezim/.cache/typescript/3.7/node_modules/fsevents/node_modules/iconv-lite :: WatchInfo: /home/gezim/.cache/typescript/3.7/node_modules 1 Project: /dev/null/inferredProject1* WatchType: Failed Lookup Locations
Info 76   [23:21:38.570] DirectoryWatcher:: Triggered with /home/gezim/.cache/typescript/3.7/node_modules/fsevents/node_modules/sax :: WatchInfo: /home/gezim/.cache/typescript/3.7/node_modules 1 Project: /dev/null/inferredProject1* WatchType: Failed Lookup Locations
Info 77   [23:21:38.570] Elapsed:: 0ms DirectoryWatcher:: Triggered with /home/gezim/.cache/typescript/3.7/node_modules/fsevents/node_modules/sax :: WatchInfo: /home/gezim/.cache/typescript/3.7/node_modules 1 Project: /dev/null/inferredProject1* WatchType: Failed Lookup Locations
Info 78   [23:21:38.573] DirectoryWatcher:: Triggered with /home/gezim/.cache/typescript/3.7/node_modules/fsevents/node_modules/needle :: WatchInfo: /home/gezim/.cache/typescript/3.7/node_modules 1 Project: /dev/null/inferredProject1* WatchType: Failed Lookup Locations
Info 79   [23:21:38.573] Elapsed:: 0ms DirectoryWatcher:: Triggered with /home/gezim/.cache/typescript/3.7/node_modules/fsevents/node_modules/needle :: WatchInfo: /home/gezim/.cache/typescript/3.7/node_modules 1 Project: /dev/null/inferredProject1* WatchType: Failed Lookup Locations
Info 80   [23:21:38.576] DirectoryWatcher:: Triggered with /home/gezim/.cache/typescript/3.7/node_modules/fsevents/node_modules/semver :: WatchInfo: /home/gezim/.cache/typescript/3.7/node_modules 1 Project: /dev/null/inferredProject1* WatchType: Failed Lookup Locations
Info 81   [23:21:38.577] Elapsed:: 0ms DirectoryWatcher:: Triggered with /home/gezim/.cache/typescript/3.7/node_modules/fsevents/node_modules/semver :: WatchInfo: /home/gezim/.cache/typescript/3.7/node_modules 1 Project: /dev/null/inferredProject1* WatchType: Failed Lookup Locations
Info 82   [23:21:38.579] DirectoryWatcher:: Triggered with /home/gezim/.cache/typescript/3.7/node_modules/fsevents/node_modules/set-blocking :: WatchInfo: /home/gezim/.cache/typescript/3.7/node_modules 1 Project: /dev/null/inferredProject1* WatchType: Failed Lookup Locations
Info 83   [23:21:38.579] Elapsed:: 0ms DirectoryWatcher:: Triggered with /home/gezim/.cache/typescript/3.7/node_modules/fsevents/node_modules/set-blocking :: WatchInfo: /home/gezim/.cache/typescript/3.7/node_modules 1 Project: /dev/null/inferredProject1* WatchType: Failed Lookup Locations
Info 84   [23:21:38.581] DirectoryWatcher:: Triggered with /home/gezim/.cache/typescript/3.7/node_modules/fsevents/node_modules/signal-exit :: WatchInfo: /home/gezim/.cache/typescript/3.7/node_modules 1 Project: /dev/null/inferredProject1* WatchType: Failed Lookup Locations
Info 85   [23:21:38.581] Elapsed:: 0ms DirectoryWatcher:: Triggered with /home/gezim/.cache/typescript/3.7/node_modules/fsevents/node_modules/signal-exit :: WatchInfo: /home/gezim/.cache/typescript/3.7/node_modules 1 Project: /dev/null/inferredProject1* WatchType: Failed Lookup Locations
Info 86   [23:21:38.584] DirectoryWatcher:: Triggered with /home/gezim/.cache/typescript/3.7/node_modules/fsevents/node_modules/string_decoder :: WatchInfo: /home/gezim/.cache/typescript/3.7/node_modules 1 Project: /dev/null/inferredProject1* WatchType: Failed Lookup Locations
Info 87   [23:21:38.584] Elapsed:: 0ms DirectoryWatcher:: Triggered with /home/gezim/.cache/typescript/3.7/node_modules/fsevents/node_modules/string_decoder :: WatchInfo: /home/gezim/.cache/typescript/3.7/node_modules 1 Project: /dev/null/inferredProject1* WatchType: Failed Lookup Locations
Info 88   [23:21:38.588] DirectoryWatcher:: Triggered with /home/gezim/.cache/typescript/3.7/node_modules/fsevents/node_modules/strip-ansi :: WatchInfo: /home/gezim/.cache/typescript/3.7/node_modules 1 Project: /dev/null/inferredProject1* WatchType: Failed Lookup Locations
Info 89   [23:21:38.588] Elapsed:: 0ms DirectoryWatcher:: Triggered with /home/gezim/.cache/typescript/3.7/node_modules/fsevents/node_modules/strip-ansi :: WatchInfo: /home/gezim/.cache/typescript/3.7/node_modules 1 Project: /dev/null/inferredProject1* WatchType: Failed Lookup Locations
Info 90   [23:21:38.590] DirectoryWatcher:: Triggered with /home/gezim/.cache/typescript/3.7/node_modules/fsevents/node_modules/string-width :: WatchInfo: /home/gezim/.cache/typescript/3.7/node_modules 1 Project: /dev/null/inferredProject1* WatchType: Failed Lookup Locations
Info 91   [23:21:38.590] Elapsed:: 0ms DirectoryWatcher:: Triggered with /home/gezim/.cache/typescript/3.7/node_modules/fsevents/node_modules/string-width :: WatchInfo: /home/gezim/.cache/typescript/3.7/node_modules 1 Project: /dev/null/inferredProject1* WatchType: Failed Lookup Locations
Info 92   [23:21:38.592] DirectoryWatcher:: Triggered with /home/gezim/.cache/typescript/3.7/node_modules/fsevents/node_modules/strip-json-comments :: WatchInfo: /home/gezim/.cache/typescript/3.7/node_modules 1 Project: /dev/null/inferredProject1* WatchType: Failed Lookup Locations
Info 93   [23:21:38.592] Elapsed:: 0ms DirectoryWatcher:: Triggered with /home/gezim/.cache/typescript/3.7/node_modules/fsevents/node_modules/strip-json-comments :: WatchInfo: /home/gezim/.cache/typescript/3.7/node_modules 1 Project: /dev/null/inferredProject1* WatchType: Failed Lookup Locations
Info 94   [23:21:38.595] DirectoryWatcher:: Triggered with /home/gezim/.cache/typescript/3.7/node_modules/fsevents/node_modules/rc :: WatchInfo: /home/gezim/.cache/typescript/3.7/node_modules 1 Project: /dev/null/inferredProject1* WatchType: Failed Lookup Locations
Info 95   [23:21:38.595] Elapsed:: 0ms DirectoryWatcher:: Triggered with /home/gezim/.cache/typescript/3.7/node_modules/fsevents/node_modules/rc :: WatchInfo: /home/gezim/.cache/typescript/3.7/node_modules 1 Project: /dev/null/inferredProject1* WatchType: Failed Lookup Locations
Info 96   [23:21:38.598] DirectoryWatcher:: Triggered with /home/gezim/.cache/typescript/3.7/node_modules/fsevents/node_modules/rc :: WatchInfo: /home/gezim/.cache/typescript/3.7/node_modules 1 Project: /dev/null/inferredProject1* WatchType: Failed Lookup Locations
Info 97   [23:21:38.598] Elapsed:: 0ms DirectoryWatcher:: Triggered with /home/gezim/.cache/typescript/3.7/node_modules/fsevents/node_modules/rc :: WatchInfo: /home/gezim/.cache/typescript/3.7/node_modules 1 Project: /dev/null/inferredProject1* WatchType: Failed Lookup Locations
Info 98   [23:21:38.600] DirectoryWatcher:: Triggered with /home/gezim/.cache/typescript/3.7/node_modules/fsevents/node_modules/util-deprecate :: WatchInfo: /home/gezim/.cache/typescript/3.7/node_modules 1 Project: /dev/null/inferredProject1* WatchType: Failed Lookup Locations
Info 99   [23:21:38.600] Elapsed:: 0ms DirectoryWatcher:: Triggered with /home/gezim/.cache/typescript/3.7/node_modules/fsevents/node_modules/util-deprecate :: WatchInfo: /home/gezim/.cache/typescript/3.7/node_modules 1 Project: /dev/null/inferredProject1* WatchType: Failed Lookup Locations
Info 100  [23:21:38.603] DirectoryWatcher:: Triggered with /home/gezim/.cache/typescript/3.7/node_modules/fsevents/node_modules/readable-stream :: WatchInfo: /home/gezim/.cache/typescript/3.7/node_modules 1 Project: /dev/null/inferredProject1* WatchType: Failed Lookup Locations
Info 101  [23:21:38.603] Elapsed:: 0ms DirectoryWatcher:: Triggered with /home/gezim/.cache/typescript/3.7/node_modules/fsevents/node_modules/readable-stream :: WatchInfo: /home/gezim/.cache/typescript/3.7/node_modules 1 Project: /dev/null/inferredProject1* WatchType: Failed Lookup Locations
Info 102  [23:21:38.605] DirectoryWatcher:: Triggered with /home/gezim/.cache/typescript/3.7/node_modules/fsevents/node_modules/are-we-there-yet :: WatchInfo: /home/gezim/.cache/typescript/3.7/node_modules 1 Project: /dev/null/inferredProject1* WatchType: Failed Lookup Locations
Info 103  [23:21:38.605] Elapsed:: 0ms DirectoryWatcher:: Triggered with /home/gezim/.cache/typescript/3.7/node_modules/fsevents/node_modules/are-we-there-yet :: WatchInfo: /home/gezim/.cache/typescript/3.7/node_modules 1 Project: /dev/null/inferredProject1* WatchType: Failed Lookup Locations
Info 104  [23:21:38.607] DirectoryWatcher:: Triggered with /home/gezim/.cache/typescript/3.7/node_modules/fsevents/node_modules/wide-align :: WatchInfo: /home/gezim/.cache/typescript/3.7/node_modules 1 Project: /dev/null/inferredProject1* WatchType: Failed Lookup Locations
Info 105  [23:21:38.607] Elapsed:: 0ms DirectoryWatcher:: Triggered with /home/gezim/.cache/typescript/3.7/node_modules/fsevents/node_modules/wide-align :: WatchInfo: /home/gezim/.cache/typescript/3.7/node_modules 1 Project: /dev/null/inferredProject1* WatchType: Failed Lookup Locations
Info 106  [23:21:38.610] DirectoryWatcher:: Triggered with /home/gezim/.cache/typescript/3.7/node_modules/fsevents/node_modules/gauge :: WatchInfo: /home/gezim/.cache/typescript/3.7/node_modules 1 Project: /dev/null/inferredProject1* WatchType: Failed Lookup Locations
Info 107  [23:21:38.610] Elapsed:: 0ms DirectoryWatcher:: Triggered with /home/gezim/.cache/typescript/3.7/node_modules/fsevents/node_modules/gauge :: WatchInfo: /home/gezim/.cache/typescript/3.7/node_modules 1 Project: /dev/null/inferredProject1* WatchType: Failed Lookup Locations
Info 108  [23:21:38.612] DirectoryWatcher:: Triggered with /home/gezim/.cache/typescript/3.7/node_modules/fsevents/node_modules/npmlog :: WatchInfo: /home/gezim/.cache/typescript/3.7/node_modules 1 Project: /dev/null/inferredProject1* WatchType: Failed Lookup Locations
Info 109  [23:21:38.612] Elapsed:: 0ms DirectoryWatcher:: Triggered with /home/gezim/.cache/typescript/3.7/node_modules/fsevents/node_modules/npmlog :: WatchInfo: /home/gezim/.cache/typescript/3.7/node_modules 1 Project: /dev/null/inferredProject1* WatchType: Failed Lookup Locations
Info 110  [23:21:38.615] DirectoryWatcher:: Triggered with /home/gezim/.cache/typescript/3.7/node_modules/fsevents/node_modules/wrappy :: WatchInfo: /home/gezim/.cache/typescript/3.7/node_modules 1 Project: /dev/null/inferredProject1* WatchType: Failed Lookup Locations
Info 111  [23:21:38.615] Elapsed:: 0ms DirectoryWatcher:: Triggered with /home/gezim/.cache/typescript/3.7/node_modules/fsevents/node_modules/wrappy :: WatchInfo: /home/gezim/.cache/typescript/3.7/node_modules 1 Project: /dev/null/inferredProject1* WatchType: Failed Lookup Locations
Info 112  [23:21:38.618] DirectoryWatcher:: Triggered with /home/gezim/.cache/typescript/3.7/node_modules/fsevents/node_modules/once :: WatchInfo: /home/gezim/.cache/typescript/3.7/node_modules 1 Project: /dev/null/inferredProject1* WatchType: Failed Lookup Locations
Info 113  [23:21:38.618] Elapsed:: 0ms DirectoryWatcher:: Triggered with /home/gezim/.cache/typescript/3.7/node_modules/fsevents/node_modules/once :: WatchInfo: /home/gezim/.cache/typescript/3.7/node_modules 1 Project: /dev/null/inferredProject1* WatchType: Failed Lookup Locations
Info 114  [23:21:38.620] DirectoryWatcher:: Triggered with /home/gezim/.cache/typescript/3.7/node_modules/fsevents/node_modules/inflight :: WatchInfo: /home/gezim/.cache/typescript/3.7/node_modules 1 Project: /dev/null/inferredProject1* WatchType: Failed Lookup Locations
Info 115  [23:21:38.620] Elapsed:: 0ms DirectoryWatcher:: Triggered with /home/gezim/.cache/typescript/3.7/node_modules/fsevents/node_modules/inflight :: WatchInfo: /home/gezim/.cache/typescript/3.7/node_modules 1 Project: /dev/null/inferredProject1* WatchType: Failed Lookup Locations
Info 116  [23:21:38.622] DirectoryWatcher:: Triggered with /home/gezim/.cache/typescript/3.7/node_modules/fsevents/node_modules/glob :: WatchInfo: /home/gezim/.cache/typescript/3.7/node_modules 1 Project: /dev/null/inferredProject1* WatchType: Failed Lookup Locations
Info 117  [23:21:38.622] Elapsed:: 0ms DirectoryWatcher:: Triggered with /home/gezim/.cache/typescript/3.7/node_modules/fsevents/node_modules/glob :: WatchInfo: /home/gezim/.cache/typescript/3.7/node_modules 1 Project: /dev/null/inferredProject1* WatchType: Failed Lookup Locations
Info 118  [23:21:38.625] DirectoryWatcher:: Triggered with /home/gezim/.cache/typescript/3.7/node_modules/fsevents/node_modules/rimraf :: WatchInfo: /home/gezim/.cache/typescript/3.7/node_modules 1 Project: /dev/null/inferredProject1* WatchType: Failed Lookup Locations
Info 119  [23:21:38.625] Elapsed:: 0ms DirectoryWatcher:: Triggered with /home/gezim/.cache/typescript/3.7/node_modules/fsevents/node_modules/rimraf :: WatchInfo: /home/gezim/.cache/typescript/3.7/node_modules 1 Project: /dev/null/inferredProject1* WatchType: Failed Lookup Locations
Info 120  [23:21:38.627] DirectoryWatcher:: Triggered with /home/gezim/.cache/typescript/3.7/node_modules/fsevents/node_modules/yallist :: WatchInfo: /home/gezim/.cache/typescript/3.7/node_modules 1 Project: /dev/null/inferredProject1* WatchType: Failed Lookup Locations
Info 121  [23:21:38.627] Elapsed:: 0ms DirectoryWatcher:: Triggered with /home/gezim/.cache/typescript/3.7/node_modules/fsevents/node_modules/yallist :: WatchInfo: /home/gezim/.cache/typescript/3.7/node_modules 1 Project: /dev/null/inferredProject1* WatchType: Failed Lookup Locations
Info 122  [23:21:38.629] DirectoryWatcher:: Triggered with /home/gezim/.cache/typescript/3.7/node_modules/fsevents/node_modules/minipass :: WatchInfo: /home/gezim/.cache/typescript/3.7/node_modules 1 Project: /dev/null/inferredProject1* WatchType: Failed Lookup Locations
Info 123  [23:21:38.629] Elapsed:: 0ms DirectoryWatcher:: Triggered with /home/gezim/.cache/typescript/3.7/node_modules/fsevents/node_modules/minipass :: WatchInfo: /home/gezim/.cache/typescript/3.7/node_modules 1 Project: /dev/null/inferredProject1* WatchType: Failed Lookup Locations
Info 124  [23:21:38.632] DirectoryWatcher:: Triggered with /home/gezim/.cache/typescript/3.7/node_modules/fsevents/node_modules/fs-minipass :: WatchInfo: /home/gezim/.cache/typescript/3.7/node_modules 1 Project: /dev/null/inferredProject1* WatchType: Failed Lookup Locations
Info 125  [23:21:38.632] Elapsed:: 0ms DirectoryWatcher:: Triggered with /home/gezim/.cache/typescript/3.7/node_modules/fsevents/node_modules/fs-minipass :: WatchInfo: /home/gezim/.cache/typescript/3.7/node_modules 1 Project: /dev/null/inferredProject1* WatchType: Failed Lookup Locations
Info 126  [23:21:38.636] DirectoryWatcher:: Triggered with /home/gezim/.cache/typescript/3.7/node_modules/fsevents/node_modules/minizlib :: WatchInfo: /home/gezim/.cache/typescript/3.7/node_modules 1 Project: /dev/null/inferredProject1* WatchType: Failed Lookup Locations
Info 127  [23:21:38.636] Elapsed:: 0ms DirectoryWatcher:: Triggered with /home/gezim/.cache/typescript/3.7/node_modules/fsevents/node_modules/minizlib :: WatchInfo: /home/gezim/.cache/typescript/3.7/node_modules 1 Project: /dev/null/inferredProject1* WatchType: Failed Lookup Locations
Info 128  [23:21:38.638] DirectoryWatcher:: Triggered with /home/gezim/.cache/typescript/3.7/node_modules/fsevents/node_modules/tar :: WatchInfo: /home/gezim/.cache/typescript/3.7/node_modules 1 Project: /dev/null/inferredProject1* WatchType: Failed Lookup Locations
Info 129  [23:21:38.638] Elapsed:: 0ms DirectoryWatcher:: Triggered with /home/gezim/.cache/typescript/3.7/node_modules/fsevents/node_modules/tar :: WatchInfo: /home/gezim/.cache/typescript/3.7/node_modules 1 Project: /dev/null/inferredProject1* WatchType: Failed Lookup Locations
Info 130  [23:21:38.640] DirectoryWatcher:: Triggered with /home/gezim/.cache/typescript/3.7/node_modules/fsevents/node_modules/node-pre-gyp :: WatchInfo: /home/gezim/.cache/typescript/3.7/node_modules 1 Project: /dev/null/inferredProject1* WatchType: Failed Lookup Locations
Info 131  [23:21:38.640] Elapsed:: 0ms DirectoryWatcher:: Triggered with /home/gezim/.cache/typescript/3.7/node_modules/fsevents/node_modules/node-pre-gyp :: WatchInfo: /home/gezim/.cache/typescript/3.7/node_modules 1 Project: /dev/null/inferredProject1* WatchType: Failed Lookup Locations
Info 132  [23:21:38.643] DirectoryWatcher:: Triggered with /home/gezim/.cache/typescript/3.7/node_modules/nan :: WatchInfo: /home/gezim/.cache/typescript/3.7/node_modules 1 Project: /dev/null/inferredProject1* WatchType: Failed Lookup Locations
Info 133  [23:21:38.643] Elapsed:: 0ms DirectoryWatcher:: Triggered with /home/gezim/.cache/typescript/3.7/node_modules/nan :: WatchInfo: /home/gezim/.cache/typescript/3.7/node_modules 1 Project: /dev/null/inferredProject1* WatchType: Failed Lookup Locations
Info 134  [23:21:38.648] DirectoryWatcher:: Triggered with /home/gezim/.cache/typescript/3.7/node_modules/fsevents :: WatchInfo: /home/gezim/.cache/typescript/3.7/node_modules 1 Project: /dev/null/inferredProject1* WatchType: Failed Lookup Locations
Info 135  [23:21:38.648] Elapsed:: 0ms DirectoryWatcher:: Triggered with /home/gezim/.cache/typescript/3.7/node_modules/fsevents :: WatchInfo: /home/gezim/.cache/typescript/3.7/node_modules 1 Project: /dev/null/inferredProject1* WatchType: Failed Lookup Locations
Info 136  [23:21:38.654] DirectoryWatcher:: Triggered with /home/gezim/.cache/typescript/3.7/node_modules/fsevents/fsevents :: WatchInfo: /home/gezim/.cache/typescript/3.7/node_modules 1 Project: /dev/null/inferredProject1* WatchType: Failed Lookup Locations
Info 137  [23:21:38.654] Elapsed:: 0ms DirectoryWatcher:: Triggered with /home/gezim/.cache/typescript/3.7/node_modules/fsevents/fsevents :: WatchInfo: /home/gezim/.cache/typescript/3.7/node_modules 1 Project: /dev/null/inferredProject1* WatchType: Failed Lookup Locations
Info 138  [23:21:38.654] DirectoryWatcher:: Triggered with /home/gezim/.cache/typescript/3.7/node_modules/fsevents :: WatchInfo: /home/gezim/.cache/typescript/3.7/node_modules 1 Project: /dev/null/inferredProject1* WatchType: Failed Lookup Locations
Info 139  [23:21:38.654] Elapsed:: 0ms DirectoryWatcher:: Triggered with /home/gezim/.cache/typescript/3.7/node_modules/fsevents :: WatchInfo: /home/gezim/.cache/typescript/3.7/node_modules 1 Project: /dev/null/inferredProject1* WatchType: Failed Lookup Locations
Info 140  [23:21:38.659] DirectoryWatcher:: Triggered with /home/gezim/.cache/typescript/3.7/node_modules/fsevents/node_modules/abbrev :: WatchInfo: /home/gezim/.cache/typescript/3.7/node_modules 1 Project: /dev/null/inferredProject1* WatchType: Failed Lookup Locations
Info 141  [23:21:38.659] Elapsed:: 0ms DirectoryWatcher:: Triggered with /home/gezim/.cache/typescript/3.7/node_modules/fsevents/node_modules/abbrev :: WatchInfo: /home/gezim/.cache/typescript/3.7/node_modules 1 Project: /dev/null/inferredProject1* WatchType: Failed Lookup Locations
Info 142  [23:21:38.661] DirectoryWatcher:: Triggered with /home/gezim/.cache/typescript/3.7/node_modules/fsevents/node_modules/ansi-regex :: WatchInfo: /home/gezim/.cache/typescript/3.7/node_modules 1 Project: /dev/null/inferredProject1* WatchType: Failed Lookup Locations
Info 143  [23:21:38.661] Elapsed:: 0ms DirectoryWatcher:: Triggered with /home/gezim/.cache/typescript/3.7/node_modules/fsevents/node_modules/ansi-regex :: WatchInfo: /home/gezim/.cache/typescript/3.7/node_modules 1 Project: /dev/null/inferredProject1* WatchType: Failed Lookup Locations
Info 144  [23:21:38.662] DirectoryWatcher:: Triggered with /home/gezim/.cache/typescript/3.7/node_modules/fsevents/node_modules/aproba :: WatchInfo: /home/gezim/.cache/typescript/3.7/node_modules 1 Project: /dev/null/inferredProject1* WatchType: Failed Lookup Locations
Info 145  [23:21:38.662] Elapsed:: 0ms DirectoryWatcher:: Triggered with /home/gezim/.cache/typescript/3.7/node_modules/fsevents/node_modules/aproba :: WatchInfo: /home/gezim/.cache/typescript/3.7/node_modules 1 Project: /dev/null/inferredProject1* WatchType: Failed Lookup Locations
Info 146  [23:21:38.663] DirectoryWatcher:: Triggered with /home/gezim/.cache/typescript/3.7/node_modules/fsevents/node_modules/are-we-there-yet :: WatchInfo: /home/gezim/.cache/typescript/3.7/node_modules 1 Project: /dev/null/inferredProject1* WatchType: Failed Lookup Locations
Info 147  [23:21:38.663] Elapsed:: 0ms DirectoryWatcher:: Triggered with /home/gezim/.cache/typescript/3.7/node_modules/fsevents/node_modules/are-we-there-yet :: WatchInfo: /home/gezim/.cache/typescript/3.7/node_modules 1 Project: /dev/null/inferredProject1* WatchType: Failed Lookup Locations
Info 148  [23:21:38.663] DirectoryWatcher:: Triggered with /home/gezim/.cache/typescript/3.7/node_modules/fsevents/node_modules/balanced-match :: WatchInfo: /home/gezim/.cache/typescript/3.7/node_modules 1 Project: /dev/null/inferredProject1* WatchType: Failed Lookup Locations
Info 149  [23:21:38.663] Elapsed:: 0ms DirectoryWatcher:: Triggered with /home/gezim/.cache/typescript/3.7/node_modules/fsevents/node_modules/balanced-match :: WatchInfo: /home/gezim/.cache/typescript/3.7/node_modules 1 Project: /dev/null/inferredProject1* WatchType: Failed Lookup Locations
Info 150  [23:21:38.664] DirectoryWatcher:: Triggered with /home/gezim/.cache/typescript/3.7/node_modules/fsevents/node_modules/brace-expansion :: WatchInfo: /home/gezim/.cache/typescript/3.7/node_modules 1 Project: /dev/null/inferredProject1* WatchType: Failed Lookup Locations
Info 151  [23:21:38.664] Elapsed:: 0ms DirectoryWatcher:: Triggered with /home/gezim/.cache/typescript/3.7/node_modules/fsevents/node_modules/brace-expansion :: WatchInfo: /home/gezim/.cache/typescript/3.7/node_modules 1 Project: /dev/null/inferredProject1* WatchType: Failed Lookup Locations
Info 152  [23:21:38.664] DirectoryWatcher:: Triggered with /home/gezim/.cache/typescript/3.7/node_modules/fsevents/node_modules/chownr :: WatchInfo: /home/gezim/.cache/typescript/3.7/node_modules 1 Project: /dev/null/inferredProject1* WatchType: Failed Lookup Locations
Info 153  [23:21:38.664] Elapsed:: 0ms DirectoryWatcher:: Triggered with /home/gezim/.cache/typescript/3.7/node_modules/fsevents/node_modules/chownr :: WatchInfo: /home/gezim/.cache/typescript/3.7/node_modules 1 Project: /dev/null/inferredProject1* WatchType: Failed Lookup Locations
Info 154  [23:21:38.665] DirectoryWatcher:: Triggered with /home/gezim/.cache/typescript/3.7/node_modules/fsevents/node_modules/code-point-at :: WatchInfo: /home/gezim/.cache/typescript/3.7/node_modules 1 Project: /dev/null/inferredProject1* WatchType: Failed Lookup Locations
Info 155  [23:21:38.665] Elapsed:: 0ms DirectoryWatcher:: Triggered with /home/gezim/.cache/typescript/3.7/node_modules/fsevents/node_modules/code-point-at :: WatchInfo: /home/gezim/.cache/typescript/3.7/node_modules 1 Project: /dev/null/inferredProject1* WatchType: Failed Lookup Locations
Info 156  [23:21:38.665] DirectoryWatcher:: Triggered with /home/gezim/.cache/typescript/3.7/node_modules/fsevents/node_modules/concat-map :: WatchInfo: /home/gezim/.cache/typescript/3.7/node_modules 1 Project: /dev/null/inferredProject1* WatchType: Failed Lookup Locations
Info 157  [23:21:38.665] Elapsed:: 0ms DirectoryWatcher:: Triggered with /home/gezim/.cache/typescript/3.7/node_modules/fsevents/node_modules/concat-map :: WatchInfo: /home/gezim/.cache/typescript/3.7/node_modules 1 Project: /dev/null/inferredProject1* WatchType: Failed Lookup Locations
Info 158  [23:21:38.665] DirectoryWatcher:: Triggered with /home/gezim/.cache/typescript/3.7/node_modules/fsevents/node_modules/console-control-strings :: WatchInfo: /home/gezim/.cache/typescript/3.7/node_modules 1 Project: /dev/null/inferredProject1* WatchType: Failed Lookup Locations
Info 159  [23:21:38.665] Elapsed:: 0ms DirectoryWatcher:: Triggered with /home/gezim/.cache/typescript/3.7/node_modules/fsevents/node_modules/console-control-strings :: WatchInfo: /home/gezim/.cache/typescript/3.7/node_modules 1 Project: /dev/null/inferredProject1* WatchType: Failed Lookup Locations
Info 160  [23:21:38.665] DirectoryWatcher:: Triggered with /home/gezim/.cache/typescript/3.7/node_modules/fsevents/node_modules/core-util-is :: WatchInfo: /home/gezim/.cache/typescript/3.7/node_modules 1 Project: /dev/null/inferredProject1* WatchType: Failed Lookup Locations
Info 161  [23:21:38.665] Elapsed:: 0ms DirectoryWatcher:: Triggered with /home/gezim/.cache/typescript/3.7/node_modules/fsevents/node_modules/core-util-is :: WatchInfo: /home/gezim/.cache/typescript/3.7/node_modules 1 Project: /dev/null/inferredProject1* WatchType: Failed Lookup Locations
Info 162  [23:21:38.665] DirectoryWatcher:: Triggered with /home/gezim/.cache/typescript/3.7/node_modules/fsevents/node_modules/debug :: WatchInfo: /home/gezim/.cache/typescript/3.7/node_modules 1 Project: /dev/null/inferredProject1* WatchType: Failed Lookup Locations
Info 163  [23:21:38.666] Elapsed:: 0ms DirectoryWatcher:: Triggered with /home/gezim/.cache/typescript/3.7/node_modules/fsevents/node_modules/debug :: WatchInfo: /home/gezim/.cache/typescript/3.7/node_modules 1 Project: /dev/null/inferredProject1* WatchType: Failed Lookup Locations
Info 164  [23:21:38.666] DirectoryWatcher:: Triggered with /home/gezim/.cache/typescript/3.7/node_modules/fsevents/node_modules/deep-extend :: WatchInfo: /home/gezim/.cache/typescript/3.7/node_modules 1 Project: /dev/null/inferredProject1* WatchType: Failed Lookup Locations
Info 165  [23:21:38.666] Elapsed:: 0ms DirectoryWatcher:: Triggered with /home/gezim/.cache/typescript/3.7/node_modules/fsevents/node_modules/deep-extend :: WatchInfo: /home/gezim/.cache/typescript/3.7/node_modules 1 Project: /dev/null/inferredProject1* WatchType: Failed Lookup Locations
Info 166  [23:21:38.666] DirectoryWatcher:: Triggered with /home/gezim/.cache/typescript/3.7/node_modules/fsevents/node_modules/delegates :: WatchInfo: /home/gezim/.cache/typescript/3.7/node_modules 1 Project: /dev/null/inferredProject1* WatchType: Failed Lookup Locations
Info 167  [23:21:38.666] Elapsed:: 0ms DirectoryWatcher:: Triggered with /home/gezim/.cache/typescript/3.7/node_modules/fsevents/node_modules/delegates :: WatchInfo: /home/gezim/.cache/typescript/3.7/node_modules 1 Project: /dev/null/inferredProject1* WatchType: Failed Lookup Locations
Info 168  [23:21:38.666] DirectoryWatcher:: Triggered with /home/gezim/.cache/typescript/3.7/node_modules/fsevents/node_modules/detect-libc :: WatchInfo: /home/gezim/.cache/typescript/3.7/node_modules 1 Project: /dev/null/inferredProject1* WatchType: Failed Lookup Locations
Info 169  [23:21:38.666] Elapsed:: 0ms DirectoryWatcher:: Triggered with /home/gezim/.cache/typescript/3.7/node_modules/fsevents/node_modules/detect-libc :: WatchInfo: /home/gezim/.cache/typescript/3.7/node_modules 1 Project: /dev/null/inferredProject1* WatchType: Failed Lookup Locations
Info 170  [23:21:38.666] DirectoryWatcher:: Triggered with /home/gezim/.cache/typescript/3.7/node_modules/fsevents/node_modules/fs-minipass :: WatchInfo: /home/gezim/.cache/typescript/3.7/node_modules 1 Project: /dev/null/inferredProject1* WatchType: Failed Lookup Locations
Info 171  [23:21:38.666] Elapsed:: 0ms DirectoryWatcher:: Triggered with /home/gezim/.cache/typescript/3.7/node_modules/fsevents/node_modules/fs-minipass :: WatchInfo: /home/gezim/.cache/typescript/3.7/node_modules 1 Project: /dev/null/inferredProject1* WatchType: Failed Lookup Locations
Info 172  [23:21:38.666] DirectoryWatcher:: Triggered with /home/gezim/.cache/typescript/3.7/node_modules/fsevents/node_modules/fs.realpath :: WatchInfo: /home/gezim/.cache/typescript/3.7/node_modules 1 Project: /dev/null/inferredProject1* WatchType: Failed Lookup Locations
Info 173  [23:21:38.666] Elapsed:: 0ms DirectoryWatcher:: Triggered with /home/gezim/.cache/typescript/3.7/node_modules/fsevents/node_modules/fs.realpath :: WatchInfo: /home/gezim/.cache/typescript/3.7/node_modules 1 Project: /dev/null/inferredProject1* WatchType: Failed Lookup Locations
Info 174  [23:21:38.666] DirectoryWatcher:: Triggered with /home/gezim/.cache/typescript/3.7/node_modules/fsevents/node_modules/gauge :: WatchInfo: /home/gezim/.cache/typescript/3.7/node_modules 1 Project: /dev/null/inferredProject1* WatchType: Failed Lookup Locations
Info 175  [23:21:38.666] Elapsed:: 0ms DirectoryWatcher:: Triggered with /home/gezim/.cache/typescript/3.7/node_modules/fsevents/node_modules/gauge :: WatchInfo: /home/gezim/.cache/typescript/3.7/node_modules 1 Project: /dev/null/inferredProject1* WatchType: Failed Lookup Locations
Info 176  [23:21:38.666] DirectoryWatcher:: Triggered with /home/gezim/.cache/typescript/3.7/node_modules/fsevents/node_modules/glob :: WatchInfo: /home/gezim/.cache/typescript/3.7/node_modules 1 Project: /dev/null/inferredProject1* WatchType: Failed Lookup Locations
Info 177  [23:21:38.666] Elapsed:: 0ms DirectoryWatcher:: Triggered with /home/gezim/.cache/typescript/3.7/node_modules/fsevents/node_modules/glob :: WatchInfo: /home/gezim/.cache/typescript/3.7/node_modules 1 Project: /dev/null/inferredProject1* WatchType: Failed Lookup Locations
Info 178  [23:21:38.666] DirectoryWatcher:: Triggered with /home/gezim/.cache/typescript/3.7/node_modules/fsevents/node_modules/has-unicode :: WatchInfo: /home/gezim/.cache/typescript/3.7/node_modules 1 Project: /dev/null/inferredProject1* WatchType: Failed Lookup Locations
Info 179  [23:21:38.666] Elapsed:: 0ms DirectoryWatcher:: Triggered with /home/gezim/.cache/typescript/3.7/node_modules/fsevents/node_modules/has-unicode :: WatchInfo: /home/gezim/.cache/typescript/3.7/node_modules 1 Project: /dev/null/inferredProject1* WatchType: Failed Lookup Locations
Info 180  [23:21:38.666] DirectoryWatcher:: Triggered with /home/gezim/.cache/typescript/3.7/node_modules/fsevents/node_modules/iconv-lite :: WatchInfo: /home/gezim/.cache/typescript/3.7/node_modules 1 Project: /dev/null/inferredProject1* WatchType: Failed Lookup Locations
Info 181  [23:21:38.666] Elapsed:: 0ms DirectoryWatcher:: Triggered with /home/gezim/.cache/typescript/3.7/node_modules/fsevents/node_modules/iconv-lite :: WatchInfo: /home/gezim/.cache/typescript/3.7/node_modules 1 Project: /dev/null/inferredProject1* WatchType: Failed Lookup Locations
Info 182  [23:21:38.666] DirectoryWatcher:: Triggered with /home/gezim/.cache/typescript/3.7/node_modules/fsevents/node_modules/ignore-walk :: WatchInfo: /home/gezim/.cache/typescript/3.7/node_modules 1 Project: /dev/null/inferredProject1* WatchType: Failed Lookup Locations
Info 183  [23:21:38.666] Elapsed:: 0ms DirectoryWatcher:: Triggered with /home/gezim/.cache/typescript/3.7/node_modules/fsevents/node_modules/ignore-walk :: WatchInfo: /home/gezim/.cache/typescript/3.7/node_modules 1 Project: /dev/null/inferredProject1* WatchType: Failed Lookup Locations
Info 184  [23:21:38.666] DirectoryWatcher:: Triggered with /home/gezim/.cache/typescript/3.7/node_modules/fsevents/node_modules/inflight :: WatchInfo: /home/gezim/.cache/typescript/3.7/node_modules 1 Project: /dev/null/inferredProject1* WatchType: Failed Lookup Locations
Info 185  [23:21:38.666] Elapsed:: 0ms DirectoryWatcher:: Triggered with /home/gezim/.cache/typescript/3.7/node_modules/fsevents/node_modules/inflight :: WatchInfo: /home/gezim/.cache/typescript/3.7/node_modules 1 Project: /dev/null/inferredProject1* WatchType: Failed Lookup Locations
Info 186  [23:21:38.666] DirectoryWatcher:: Triggered with /home/gezim/.cache/typescript/3.7/node_modules/fsevents/node_modules/inherits :: WatchInfo: /home/gezim/.cache/typescript/3.7/node_modules 1 Project: /dev/null/inferredProject1* WatchType: Failed Lookup Locations
Info 187  [23:21:38.666] Elapsed:: 0ms DirectoryWatcher:: Triggered with /home/gezim/.cache/typescript/3.7/node_modules/fsevents/node_modules/inherits :: WatchInfo: /home/gezim/.cache/typescript/3.7/node_modules 1 Project: /dev/null/inferredProject1* WatchType: Failed Lookup Locations
Info 188  [23:21:38.667] DirectoryWatcher:: Triggered with /home/gezim/.cache/typescript/3.7/node_modules/fsevents/node_modules/ini :: WatchInfo: /home/gezim/.cache/typescript/3.7/node_modules 1 Project: /dev/null/inferredProject1* WatchType: Failed Lookup Locations
Info 189  [23:21:38.667] Elapsed:: 0ms DirectoryWatcher:: Triggered with /home/gezim/.cache/typescript/3.7/node_modules/fsevents/node_modules/ini :: WatchInfo: /home/gezim/.cache/typescript/3.7/node_modules 1 Project: /dev/null/inferredProject1* WatchType: Failed Lookup Locations
Info 190  [23:21:38.667] DirectoryWatcher:: Triggered with /home/gezim/.cache/typescript/3.7/node_modules/fsevents/node_modules/is-fullwidth-code-point :: WatchInfo: /home/gezim/.cache/typescript/3.7/node_modules 1 Project: /dev/null/inferredProject1* WatchType: Failed Lookup Locations
Info 191  [23:21:38.667] Elapsed:: 0ms DirectoryWatcher:: Triggered with /home/gezim/.cache/typescript/3.7/node_modules/fsevents/node_modules/is-fullwidth-code-point :: WatchInfo: /home/gezim/.cache/typescript/3.7/node_modules 1 Project: /dev/null/inferredProject1* WatchType: Failed Lookup Locations
Info 192  [23:21:38.667] DirectoryWatcher:: Triggered with /home/gezim/.cache/typescript/3.7/node_modules/fsevents/node_modules/isarray :: WatchInfo: /home/gezim/.cache/typescript/3.7/node_modules 1 Project: /dev/null/inferredProject1* WatchType: Failed Lookup Locations
Info 193  [23:21:38.667] Elapsed:: 0ms DirectoryWatcher:: Triggered with /home/gezim/.cache/typescript/3.7/node_modules/fsevents/node_modules/isarray :: WatchInfo: /home/gezim/.cache/typescript/3.7/node_modules 1 Project: /dev/null/inferredProject1* WatchType: Failed Lookup Locations
Info 194  [23:21:38.667] DirectoryWatcher:: Triggered with /home/gezim/.cache/typescript/3.7/node_modules/fsevents/node_modules/minimatch :: WatchInfo: /home/gezim/.cache/typescript/3.7/node_modules 1 Project: /dev/null/inferredProject1* WatchType: Failed Lookup Locations
Info 195  [23:21:38.667] Elapsed:: 0ms DirectoryWatcher:: Triggered with /home/gezim/.cache/typescript/3.7/node_modules/fsevents/node_modules/minimatch :: WatchInfo: /home/gezim/.cache/typescript/3.7/node_modules 1 Project: /dev/null/inferredProject1* WatchType: Failed Lookup Locations
Info 196  [23:21:38.667] DirectoryWatcher:: Triggered with /home/gezim/.cache/typescript/3.7/node_modules/fsevents/node_modules/minimist :: WatchInfo: /home/gezim/.cache/typescript/3.7/node_modules 1 Project: /dev/null/inferredProject1* WatchType: Failed Lookup Locations
Info 197  [23:21:38.667] Elapsed:: 0ms DirectoryWatcher:: Triggered with /home/gezim/.cache/typescript/3.7/node_modules/fsevents/node_modules/minimist :: WatchInfo: /home/gezim/.cache/typescript/3.7/node_modules 1 Project: /dev/null/inferredProject1* WatchType: Failed Lookup Locations
Info 198  [23:21:38.667] DirectoryWatcher:: Triggered with /home/gezim/.cache/typescript/3.7/node_modules/fsevents/node_modules/minipass :: WatchInfo: /home/gezim/.cache/typescript/3.7/node_modules 1 Project: /dev/null/inferredProject1* WatchType: Failed Lookup Locations
Info 199  [23:21:38.667] Elapsed:: 0ms DirectoryWatcher:: Triggered with /home/gezim/.cache/typescript/3.7/node_modules/fsevents/node_modules/minipass :: WatchInfo: /home/gezim/.cache/typescript/3.7/node_modules 1 Project: /dev/null/inferredProject1* WatchType: Failed Lookup Locations
Info 200  [23:21:38.667] DirectoryWatcher:: Triggered with /home/gezim/.cache/typescript/3.7/node_modules/fsevents/node_modules/minizlib :: WatchInfo: /home/gezim/.cache/typescript/3.7/node_modules 1 Project: /dev/null/inferredProject1* WatchType: Failed Lookup Locations
Info 201  [23:21:38.667] Elapsed:: 0ms DirectoryWatcher:: Triggered with /home/gezim/.cache/typescript/3.7/node_modules/fsevents/node_modules/minizlib :: WatchInfo: /home/gezim/.cache/typescript/3.7/node_modules 1 Project: /dev/null/inferredProject1* WatchType: Failed Lookup Locations
Info 202  [23:21:38.667] DirectoryWatcher:: Triggered with /home/gezim/.cache/typescript/3.7/node_modules/fsevents/node_modules/mkdirp :: WatchInfo: /home/gezim/.cache/typescript/3.7/node_modules 1 Project: /dev/null/inferredProject1* WatchType: Failed Lookup Locations
Info 203  [23:21:38.667] Elapsed:: 0ms DirectoryWatcher:: Triggered with /home/gezim/.cache/typescript/3.7/node_modules/fsevents/node_modules/mkdirp :: WatchInfo: /home/gezim/.cache/typescript/3.7/node_modules 1 Project: /dev/null/inferredProject1* WatchType: Failed Lookup Locations
Info 204  [23:21:38.667] DirectoryWatcher:: Triggered with /home/gezim/.cache/typescript/3.7/node_modules/fsevents/node_modules/ms :: WatchInfo: /home/gezim/.cache/typescript/3.7/node_modules 1 Project: /dev/null/inferredProject1* WatchType: Failed Lookup Locations
Info 205  [23:21:38.667] Elapsed:: 0ms DirectoryWatcher:: Triggered with /home/gezim/.cache/typescript/3.7/node_modules/fsevents/node_modules/ms :: WatchInfo: /home/gezim/.cache/typescript/3.7/node_modules 1 Project: /dev/null/inferredProject1* WatchType: Failed Lookup Locations
Info 206  [23:21:38.667] DirectoryWatcher:: Triggered with /home/gezim/.cache/typescript/3.7/node_modules/fsevents/node_modules/needle :: WatchInfo: /home/gezim/.cache/typescript/3.7/node_modules 1 Project: /dev/null/inferredProject1* WatchType: Failed Lookup Locations
Info 207  [23:21:38.667] Elapsed:: 0ms DirectoryWatcher:: Triggered with /home/gezim/.cache/typescript/3.7/node_modules/fsevents/node_modules/needle :: WatchInfo: /home/gezim/.cache/typescript/3.7/node_modules 1 Project: /dev/null/inferredProject1* WatchType: Failed Lookup Locations
Info 208  [23:21:38.667] DirectoryWatcher:: Triggered with /home/gezim/.cache/typescript/3.7/node_modules/fsevents/node_modules :: WatchInfo: /home/gezim/.cache/typescript/3.7/node_modules 1 Project: /dev/null/inferredProject1* WatchType: Failed Lookup Locations
Info 209  [23:21:38.667] Elapsed:: 0ms DirectoryWatcher:: Triggered with /home/gezim/.cache/typescript/3.7/node_modules/fsevents/node_modules :: WatchInfo: /home/gezim/.cache/typescript/3.7/node_modules 1 Project: /dev/null/inferredProject1* WatchType: Failed Lookup Locations
Info 210  [23:21:38.667] DirectoryWatcher:: Triggered with /home/gezim/.cache/typescript/3.7/node_modules/fsevents/node_modules :: WatchInfo: /home/gezim/.cache/typescript/3.7/node_modules 1 Project: /dev/null/inferredProject1* WatchType: Failed Lookup Locations
Info 211  [23:21:38.667] Elapsed:: 0ms DirectoryWatcher:: Triggered with /home/gezim/.cache/typescript/3.7/node_modules/fsevents/node_modules :: WatchInfo: /home/gezim/.cache/typescript/3.7/node_modules 1 Project: /dev/null/inferredProject1* WatchType: Failed Lookup Locations
Info 212  [23:21:38.668] DirectoryWatcher:: Triggered with /home/gezim/.cache/typescript/3.7/node_modules/fsevents :: WatchInfo: /home/gezim/.cache/typescript/3.7/node_modules 1 Project: /dev/null/inferredProject1* WatchType: Failed Lookup Locations
Info 213  [23:21:38.668] Elapsed:: 0ms DirectoryWatcher:: Triggered with /home/gezim/.cache/typescript/3.7/node_modules/fsevents :: WatchInfo: /home/gezim/.cache/typescript/3.7/node_modules 1 Project: /dev/null/inferredProject1* WatchType: Failed Lookup Locations
Info 214  [23:21:38.668] DirectoryWatcher:: Triggered with /home/gezim/.cache/typescript/3.7/node_modules/types-registry :: WatchInfo: /home/gezim/.cache/typescript/3.7/node_modules 1 Project: /dev/null/inferredProject1* WatchType: Failed Lookup Locations
Info 215  [23:21:38.668] Elapsed:: 0ms DirectoryWatcher:: Triggered with /home/gezim/.cache/typescript/3.7/node_modules/types-registry :: WatchInfo: /home/gezim/.cache/typescript/3.7/node_modules 1 Project: /dev/null/inferredProject1* WatchType: Failed Lookup Locations
Info 216  [23:21:38.673] DirectoryWatcher:: Triggered with /home/gezim/.cache/typescript/3.7/node_modules/bindings :: WatchInfo: /home/gezim/.cache/typescript/3.7/node_modules 1 Project: /dev/null/inferredProject1* WatchType: Failed Lookup Locations
Info 217  [23:21:38.673] Elapsed:: 0ms DirectoryWatcher:: Triggered with /home/gezim/.cache/typescript/3.7/node_modules/bindings :: WatchInfo: /home/gezim/.cache/typescript/3.7/node_modules 1 Project: /dev/null/inferredProject1* WatchType: Failed Lookup Locations
Info 218  [23:21:38.676] DirectoryWatcher:: Triggered with /home/gezim/.cache/typescript/3.7/node_modules/file-uri-to-path :: WatchInfo: /home/gezim/.cache/typescript/3.7/node_modules 1 Project: /dev/null/inferredProject1* WatchType: Failed Lookup Locations
Info 219  [23:21:38.676] Elapsed:: 0ms DirectoryWatcher:: Triggered with /home/gezim/.cache/typescript/3.7/node_modules/file-uri-to-path :: WatchInfo: /home/gezim/.cache/typescript/3.7/node_modules 1 Project: /dev/null/inferredProject1* WatchType: Failed Lookup Locations
Info 220  [23:21:38.680] DirectoryWatcher:: Triggered with /home/gezim/.cache/typescript/3.7/node_modules/nan :: WatchInfo: /home/gezim/.cache/typescript/3.7/node_modules 1 Project: /dev/null/inferredProject1* WatchType: Failed Lookup Locations
Info 221  [23:21:38.680] Elapsed:: 0ms DirectoryWatcher:: Triggered with /home/gezim/.cache/typescript/3.7/node_modules/nan :: WatchInfo: /home/gezim/.cache/typescript/3.7/node_modules 1 Project: /dev/null/inferredProject1* WatchType: Failed Lookup Locations
Info 222  [23:21:38.684] DirectoryWatcher:: Triggered with /home/gezim/.cache/typescript/3.7/node_modules/fsevents :: WatchInfo: /home/gezim/.cache/typescript/3.7/node_modules 1 Project: /dev/null/inferredProject1* WatchType: Failed Lookup Locations
Info 223  [23:21:38.684] Elapsed:: 0ms DirectoryWatcher:: Triggered with /home/gezim/.cache/typescript/3.7/node_modules/fsevents :: WatchInfo: /home/gezim/.cache/typescript/3.7/node_modules 1 Project: /dev/null/inferredProject1* WatchType: Failed Lookup Locations
Info 224  [23:21:38.710] Starting updateGraphWorker: Project: /dev/null/inferredProject1*
Info 225  [23:21:39.427] Finishing updateGraphWorker: Project: /dev/null/inferredProject1* Version: 3 structureChanged: true Elapsed: 717ms
Info 226  [23:21:39.427] Different program with same set of files:: oldProgram.structureIsReused:: 1
Info 227  [23:21:39.428] Structure before ensureProjectForOpenFiles:
Info 228  [23:21:39.428] Structure after ensureProjectForOpenFiles:
Info 229  [23:21:39.428] got projects updated in background, updating diagnostics for /home/gezim/dev/web/webpack-ts/webpack/webpack.prod.js
